2025-01-19 20:21:01 [main] INFO  c.example.GatewayServiceApplication - Starting GatewayServiceApplication using Java 17-ea with PID 1 (/app/app.jar started by root in /app)
2025-01-19 20:21:01 [main] INFO  c.example.GatewayServiceApplication - No active profile set, falling back to 1 default profile: "default"
2025-01-19 20:21:06 [main] INFO  o.s.d.r.c.RepositoryConfigurationDelegate - Multiple Spring Data modules found, entering strict repository configuration mode
2025-01-19 20:21:06 [main] INFO  o.s.d.r.c.RepositoryConfigurationDelegate - Bootstrapping Spring Data Redis repositories in DEFAULT mode.
2025-01-19 20:21:06 [main] INFO  o.s.d.r.c.RepositoryConfigurationDelegate - Finished Spring Data repository scanning in 111 ms. Found 0 Redis repository interfaces.
2025-01-19 20:21:09 [main] INFO  o.s.b.w.e.tomcat.TomcatWebServer - Tomcat initialized with port 8082 (http)
2025-01-19 20:21:09 [main] INFO  o.a.coyote.http11.Http11NioProtocol - Initializing ProtocolHandler ["http-nio-8082"]
2025-01-19 20:21:09 [main] INFO  o.a.catalina.core.StandardService - Starting service [Tomcat]
2025-01-19 20:21:09 [main] INFO  o.a.catalina.core.StandardEngine - Starting Servlet engine: [Apache Tomcat/10.1.28]
2025-01-19 20:21:09 [main] INFO  o.a.c.c.C.[Tomcat].[localhost].[/] - Initializing Spring embedded WebApplicationContext
2025-01-19 20:21:09 [main] INFO  o.s.b.w.s.c.ServletWebServerApplicationContext - Root WebApplicationContext: initialization completed in 7635 ms
2025-01-19 20:21:21 [main] INFO  o.s.b.a.e.web.EndpointLinksResolver - Exposing 3 endpoints beneath base path '/actuator'
2025-01-19 20:21:21 [main] INFO  o.a.coyote.http11.Http11NioProtocol - Starting ProtocolHandler ["http-nio-8082"]
2025-01-19 20:21:21 [main] INFO  o.s.b.w.e.tomcat.TomcatWebServer - Tomcat started on port 8082 (http) with context path '/'
2025-01-19 20:21:21 [main] INFO  c.example.GatewayServiceApplication - Started GatewayServiceApplication in 21.698 seconds (process running for 25.683)
2025-01-19 20:21:22 [http-nio-8082-exec-2] INFO  o.a.c.c.C.[Tomcat].[localhost].[/] - Initializing Spring DispatcherServlet 'dispatcherServlet'
2025-01-19 20:21:22 [http-nio-8082-exec-2] INFO  o.s.web.servlet.DispatcherServlet - Initializing Servlet 'dispatcherServlet'
2025-01-19 20:21:22 [http-nio-8082-exec-2] INFO  o.s.web.servlet.DispatcherServlet - Completed initialization in 7 ms
2025-01-19 20:25:33 [main] INFO  c.example.GatewayServiceApplication - Starting GatewayServiceApplication using Java 17-ea with PID 1 (/app/app.jar started by root in /app)
2025-01-19 20:25:33 [main] INFO  c.example.GatewayServiceApplication - No active profile set, falling back to 1 default profile: "default"
2025-01-19 20:25:38 [main] INFO  o.s.d.r.c.RepositoryConfigurationDelegate - Multiple Spring Data modules found, entering strict repository configuration mode
2025-01-19 20:25:38 [main] INFO  o.s.d.r.c.RepositoryConfigurationDelegate - Bootstrapping Spring Data Redis repositories in DEFAULT mode.
2025-01-19 20:25:38 [main] INFO  o.s.d.r.c.RepositoryConfigurationDelegate - Finished Spring Data repository scanning in 119 ms. Found 0 Redis repository interfaces.
2025-01-19 20:25:41 [main] INFO  o.s.b.w.e.tomcat.TomcatWebServer - Tomcat initialized with port 8082 (http)
2025-01-19 20:25:41 [main] INFO  o.a.coyote.http11.Http11NioProtocol - Initializing ProtocolHandler ["http-nio-8082"]
2025-01-19 20:25:41 [main] INFO  o.a.catalina.core.StandardService - Starting service [Tomcat]
2025-01-19 20:25:41 [main] INFO  o.a.catalina.core.StandardEngine - Starting Servlet engine: [Apache Tomcat/10.1.28]
2025-01-19 20:25:42 [main] INFO  o.a.c.c.C.[Tomcat].[localhost].[/] - Initializing Spring embedded WebApplicationContext
2025-01-19 20:25:42 [main] INFO  o.s.b.w.s.c.ServletWebServerApplicationContext - Root WebApplicationContext: initialization completed in 8113 ms
2025-01-19 20:25:54 [main] INFO  o.s.b.a.e.web.EndpointLinksResolver - Exposing 3 endpoints beneath base path '/actuator'
2025-01-19 20:25:55 [main] INFO  o.a.coyote.http11.Http11NioProtocol - Starting ProtocolHandler ["http-nio-8082"]
2025-01-19 20:25:55 [main] INFO  o.s.b.w.e.tomcat.TomcatWebServer - Tomcat started on port 8082 (http) with context path '/'
2025-01-19 20:25:55 [main] INFO  c.example.GatewayServiceApplication - Started GatewayServiceApplication in 22.468 seconds (process running for 25.528)
2025-01-19 20:26:02 [http-nio-8082-exec-1] INFO  o.a.c.c.C.[Tomcat].[localhost].[/] - Initializing Spring DispatcherServlet 'dispatcherServlet'
2025-01-19 20:26:02 [http-nio-8082-exec-1] INFO  o.s.web.servlet.DispatcherServlet - Initializing Servlet 'dispatcherServlet'
2025-01-19 20:26:02 [http-nio-8082-exec-1] INFO  o.s.web.servlet.DispatcherServlet - Completed initialization in 1 ms
2025-01-19 20:29:07 [http-nio-8082-exec-8] INFO  o.s.api.AbstractOpenApiResource - Init duration for springdoc-openapi is: 361 ms
2025-01-19 20:29:15 [http-nio-8082-exec-10] INFO  c.e.controller.GatewayController - GET request for getting courses with (page: 0, size: 1)
2025-01-19 20:33:50 [main] INFO  c.example.GatewayServiceApplication - Starting GatewayServiceApplication using Java 17-ea with PID 1 (/app/app.jar started by root in /app)
2025-01-19 20:33:50 [main] INFO  c.example.GatewayServiceApplication - No active profile set, falling back to 1 default profile: "default"
2025-01-19 20:33:54 [main] INFO  o.s.d.r.c.RepositoryConfigurationDelegate - Multiple Spring Data modules found, entering strict repository configuration mode
2025-01-19 20:33:54 [main] INFO  o.s.d.r.c.RepositoryConfigurationDelegate - Bootstrapping Spring Data Redis repositories in DEFAULT mode.
2025-01-19 20:33:54 [main] INFO  o.s.d.r.c.RepositoryConfigurationDelegate - Finished Spring Data repository scanning in 73 ms. Found 0 Redis repository interfaces.
2025-01-19 20:33:57 [main] INFO  o.s.b.w.e.tomcat.TomcatWebServer - Tomcat initialized with port 8082 (http)
2025-01-19 20:33:58 [main] INFO  o.a.coyote.http11.Http11NioProtocol - Initializing ProtocolHandler ["http-nio-8082"]
2025-01-19 20:33:58 [main] INFO  o.a.catalina.core.StandardService - Starting service [Tomcat]
2025-01-19 20:33:58 [main] INFO  o.a.catalina.core.StandardEngine - Starting Servlet engine: [Apache Tomcat/10.1.28]
2025-01-19 20:33:58 [main] INFO  o.a.c.c.C.[Tomcat].[localhost].[/] - Initializing Spring embedded WebApplicationContext
2025-01-19 20:33:58 [main] INFO  o.s.b.w.s.c.ServletWebServerApplicationContext - Root WebApplicationContext: initialization completed in 8169 ms
2025-01-19 20:34:09 [main] INFO  o.s.b.a.e.web.EndpointLinksResolver - Exposing 3 endpoints beneath base path '/actuator'
2025-01-19 20:34:09 [main] INFO  o.a.coyote.http11.Http11NioProtocol - Starting ProtocolHandler ["http-nio-8082"]
2025-01-19 20:34:09 [main] INFO  o.s.b.w.e.tomcat.TomcatWebServer - Tomcat started on port 8082 (http) with context path '/'
2025-01-19 20:34:09 [main] INFO  c.example.GatewayServiceApplication - Started GatewayServiceApplication in 20.798 seconds (process running for 24.746)
2025-01-19 20:34:12 [http-nio-8082-exec-1] INFO  o.a.c.c.C.[Tomcat].[localhost].[/] - Initializing Spring DispatcherServlet 'dispatcherServlet'
2025-01-19 20:34:12 [http-nio-8082-exec-1] INFO  o.s.web.servlet.DispatcherServlet - Initializing Servlet 'dispatcherServlet'
2025-01-19 20:34:12 [http-nio-8082-exec-1] INFO  o.s.web.servlet.DispatcherServlet - Completed initialization in 3 ms
2025-01-19 20:34:56 [http-nio-8082-exec-6] INFO  o.s.api.AbstractOpenApiResource - Init duration for springdoc-openapi is: 281 ms
2025-01-19 20:36:58 [http-nio-8082-exec-8] INFO  c.e.controller.GatewayController - GET request for getting courses with (page: 0, size: 5)
2025-01-19 20:37:41 [http-nio-8082-exec-6] INFO  c.e.controller.GatewayController - GET request for getting courses with (page: 0, size: 7)
2025-01-19 20:37:43 [http-nio-8082-exec-8] INFO  c.e.controller.GatewayController - GET request for getting courses with (page: 0, size: 3)
2025-01-19 20:38:50 [http-nio-8082-exec-6] INFO  c.e.controller.GatewayController - GET request for getting courses with (page: 0, size: 10)
2025-01-19 20:39:20 [http-nio-8082-exec-6] ERROR o.a.c.c.C.[.[.[.[dispatcherServlet] - Servlet.service() for servlet [dispatcherServlet] in context with path [] threw exception [Request processing failed: io.grpc.StatusRuntimeException: UNKNOWN] with root cause
io.grpc.StatusRuntimeException: UNKNOWN
	at io.grpc.stub.ClientCalls.toStatusRuntimeException(ClientCalls.java:275)
	at io.grpc.stub.ClientCalls.getUnchecked(ClientCalls.java:256)
	at io.grpc.stub.ClientCalls.blockingUnaryCall(ClientCalls.java:169)
	at com.example.service.grpc.CourseServiceGrpc$CourseServiceBlockingStub.getAllCourses(CourseServiceGrpc.java:351)
	at com.example.controller.GatewayController.getAll(GatewayController.java:47)
	at jdk.internal.reflect.GeneratedMethodAccessor59.invoke(Unknown Source)
	at java.base/jdk.internal.reflect.DelegatingMethodAccessorImpl.invoke(DelegatingMethodAccessorImpl.java:43)
	at java.base/java.lang.reflect.Method.invoke(Method.java:568)
	at org.springframework.aop.support.AopUtils.invokeJoinpointUsingReflection(AopUtils.java:355)
	at org.springframework.aop.framework.ReflectiveMethodInvocation.invokeJoinpoint(ReflectiveMethodInvocation.java:196)
	at org.springframework.aop.framework.ReflectiveMethodInvocation.proceed(ReflectiveMethodInvocation.java:163)
	at org.springframework.aop.framework.CglibAopProxy$CglibMethodInvocation.proceed(CglibAopProxy.java:768)
	at org.springframework.cache.interceptor.CacheInterceptor.lambda$invoke$0(CacheInterceptor.java:55)
	at org.springframework.cache.interceptor.CacheAspectSupport.invokeOperation(CacheAspectSupport.java:416)
	at org.springframework.cache.interceptor.CacheAspectSupport.evaluate(CacheAspectSupport.java:551)
	at org.springframework.cache.interceptor.CacheAspectSupport.execute(CacheAspectSupport.java:433)
	at org.springframework.cache.interceptor.CacheAspectSupport.execute(CacheAspectSupport.java:395)
	at org.springframework.cache.interceptor.CacheInterceptor.invoke(CacheInterceptor.java:65)
	at org.springframework.aop.framework.ReflectiveMethodInvocation.proceed(ReflectiveMethodInvocation.java:184)
	at org.springframework.aop.framework.CglibAopProxy$CglibMethodInvocation.proceed(CglibAopProxy.java:768)
	at org.springframework.aop.framework.CglibAopProxy$DynamicAdvisedInterceptor.intercept(CglibAopProxy.java:720)
	at com.example.controller.GatewayController$$SpringCGLIB$$0.getAll(<generated>)
	at java.base/jdk.internal.reflect.NativeMethodAccessorImpl.invoke0(Native Method)
	at java.base/jdk.internal.reflect.NativeMethodAccessorImpl.invoke(NativeMethodAccessorImpl.java:78)
	at java.base/jdk.internal.reflect.DelegatingMethodAccessorImpl.invoke(DelegatingMethodAccessorImpl.java:43)
	at java.base/java.lang.reflect.Method.invoke(Method.java:568)
	at org.springframework.web.method.support.InvocableHandlerMethod.doInvoke(InvocableHandlerMethod.java:255)
	at org.springframework.web.method.support.InvocableHandlerMethod.invokeForRequest(InvocableHandlerMethod.java:188)
	at org.springframework.web.servlet.mvc.method.annotation.ServletInvocableHandlerMethod.invokeAndHandle(ServletInvocableHandlerMethod.java:118)
	at org.springframework.web.servlet.mvc.method.annotation.RequestMappingHandlerAdapter.invokeHandlerMethod(RequestMappingHandlerAdapter.java:926)
	at org.springframework.web.servlet.mvc.method.annotation.RequestMappingHandlerAdapter.handleInternal(RequestMappingHandlerAdapter.java:831)
	at org.springframework.web.servlet.mvc.method.AbstractHandlerMethodAdapter.handle(AbstractHandlerMethodAdapter.java:87)
	at org.springframework.web.servlet.DispatcherServlet.doDispatch(DispatcherServlet.java:1089)
	at org.springframework.web.servlet.DispatcherServlet.doService(DispatcherServlet.java:979)
	at org.springframework.web.servlet.FrameworkServlet.processRequest(FrameworkServlet.java:1014)
	at org.springframework.web.servlet.FrameworkServlet.doGet(FrameworkServlet.java:903)
	at jakarta.servlet.http.HttpServlet.service(HttpServlet.java:564)
	at org.springframework.web.servlet.FrameworkServlet.service(FrameworkServlet.java:885)
	at jakarta.servlet.http.HttpServlet.service(HttpServlet.java:658)
	at org.apache.catalina.core.ApplicationFilterChain.internalDoFilter(ApplicationFilterChain.java:195)
	at org.apache.catalina.core.ApplicationFilterChain.doFilter(ApplicationFilterChain.java:140)
	at org.apache.tomcat.websocket.server.WsFilter.doFilter(WsFilter.java:51)
	at org.apache.catalina.core.ApplicationFilterChain.internalDoFilter(ApplicationFilterChain.java:164)
	at org.apache.catalina.core.ApplicationFilterChain.doFilter(ApplicationFilterChain.java:140)
	at org.springframework.web.filter.RequestContextFilter.doFilterInternal(RequestContextFilter.java:100)
	at org.springframework.web.filter.OncePerRequestFilter.doFilter(OncePerRequestFilter.java:116)
	at org.apache.catalina.core.ApplicationFilterChain.internalDoFilter(ApplicationFilterChain.java:164)
	at org.apache.catalina.core.ApplicationFilterChain.doFilter(ApplicationFilterChain.java:140)
	at org.springframework.web.filter.FormContentFilter.doFilterInternal(FormContentFilter.java:93)
	at org.springframework.web.filter.OncePerRequestFilter.doFilter(OncePerRequestFilter.java:116)
	at org.apache.catalina.core.ApplicationFilterChain.internalDoFilter(ApplicationFilterChain.java:164)
	at org.apache.catalina.core.ApplicationFilterChain.doFilter(ApplicationFilterChain.java:140)
	at org.springframework.web.filter.ServerHttpObservationFilter.doFilterInternal(ServerHttpObservationFilter.java:113)
	at org.springframework.web.filter.OncePerRequestFilter.doFilter(OncePerRequestFilter.java:116)
	at org.apache.catalina.core.ApplicationFilterChain.internalDoFilter(ApplicationFilterChain.java:164)
	at org.apache.catalina.core.ApplicationFilterChain.doFilter(ApplicationFilterChain.java:140)
	at org.springframework.web.filter.CharacterEncodingFilter.doFilterInternal(CharacterEncodingFilter.java:201)
	at org.springframework.web.filter.OncePerRequestFilter.doFilter(OncePerRequestFilter.java:116)
	at org.apache.catalina.core.ApplicationFilterChain.internalDoFilter(ApplicationFilterChain.java:164)
	at org.apache.catalina.core.ApplicationFilterChain.doFilter(ApplicationFilterChain.java:140)
	at org.apache.catalina.core.StandardWrapperValve.invoke(StandardWrapperValve.java:167)
	at org.apache.catalina.core.StandardContextValve.invoke(StandardContextValve.java:90)
	at org.apache.catalina.authenticator.AuthenticatorBase.invoke(AuthenticatorBase.java:483)
	at org.apache.catalina.core.StandardHostValve.invoke(StandardHostValve.java:115)
	at org.apache.catalina.valves.ErrorReportValve.invoke(ErrorReportValve.java:93)
	at org.apache.catalina.core.StandardEngineValve.invoke(StandardEngineValve.java:74)
	at org.apache.catalina.connector.CoyoteAdapter.service(CoyoteAdapter.java:344)
	at org.apache.coyote.http11.Http11Processor.service(Http11Processor.java:384)
	at org.apache.coyote.AbstractProcessorLight.process(AbstractProcessorLight.java:63)
	at org.apache.coyote.AbstractProtocol$ConnectionHandler.process(AbstractProtocol.java:904)
	at org.apache.tomcat.util.net.NioEndpoint$SocketProcessor.doRun(NioEndpoint.java:1741)
	at org.apache.tomcat.util.net.SocketProcessorBase.run(SocketProcessorBase.java:52)
	at org.apache.tomcat.util.threads.ThreadPoolExecutor.runWorker(ThreadPoolExecutor.java:1190)
	at org.apache.tomcat.util.threads.ThreadPoolExecutor$Worker.run(ThreadPoolExecutor.java:659)
	at org.apache.tomcat.util.threads.TaskThread$WrappingRunnable.run(TaskThread.java:63)
	at java.base/java.lang.Thread.run(Thread.java:831)
2025-01-19 20:40:57 [http-nio-8082-exec-9] INFO  c.e.controller.GatewayController - GET request for getting courses with (page: 0, size: 10)
2025-01-19 21:09:48 [main] INFO  c.example.GatewayServiceApplication - Starting GatewayServiceApplication using Java 17-ea with PID 1 (/app/app.jar started by root in /app)
2025-01-19 21:09:48 [main] INFO  c.example.GatewayServiceApplication - No active profile set, falling back to 1 default profile: "default"
2025-01-19 21:09:53 [main] INFO  o.s.d.r.c.RepositoryConfigurationDelegate - Multiple Spring Data modules found, entering strict repository configuration mode
2025-01-19 21:09:53 [main] INFO  o.s.d.r.c.RepositoryConfigurationDelegate - Bootstrapping Spring Data Redis repositories in DEFAULT mode.
2025-01-19 21:09:53 [main] INFO  o.s.d.r.c.RepositoryConfigurationDelegate - Finished Spring Data repository scanning in 90 ms. Found 0 Redis repository interfaces.
2025-01-19 21:09:55 [main] INFO  o.s.b.w.e.tomcat.TomcatWebServer - Tomcat initialized with port 8082 (http)
2025-01-19 21:09:55 [main] INFO  o.a.coyote.http11.Http11NioProtocol - Initializing ProtocolHandler ["http-nio-8082"]
2025-01-19 21:09:55 [main] INFO  o.a.catalina.core.StandardService - Starting service [Tomcat]
2025-01-19 21:09:55 [main] INFO  o.a.catalina.core.StandardEngine - Starting Servlet engine: [Apache Tomcat/10.1.28]
2025-01-19 21:09:55 [main] INFO  o.a.c.c.C.[Tomcat].[localhost].[/] - Initializing Spring embedded WebApplicationContext
2025-01-19 21:09:55 [main] INFO  o.s.b.w.s.c.ServletWebServerApplicationContext - Root WebApplicationContext: initialization completed in 7500 ms
2025-01-19 21:10:08 [main] INFO  o.s.b.a.e.web.EndpointLinksResolver - Exposing 3 endpoints beneath base path '/actuator'
2025-01-19 21:10:08 [main] INFO  o.a.coyote.http11.Http11NioProtocol - Starting ProtocolHandler ["http-nio-8082"]
2025-01-19 21:10:09 [main] INFO  o.s.b.w.e.tomcat.TomcatWebServer - Tomcat started on port 8082 (http) with context path '/'
2025-01-19 21:10:09 [main] INFO  c.example.GatewayServiceApplication - Started GatewayServiceApplication in 22.621 seconds (process running for 26.18)
2025-01-19 21:10:12 [http-nio-8082-exec-2] INFO  o.a.c.c.C.[Tomcat].[localhost].[/] - Initializing Spring DispatcherServlet 'dispatcherServlet'
2025-01-19 21:10:12 [http-nio-8082-exec-2] INFO  o.s.web.servlet.DispatcherServlet - Initializing Servlet 'dispatcherServlet'
2025-01-19 21:10:12 [http-nio-8082-exec-2] INFO  o.s.web.servlet.DispatcherServlet - Completed initialization in 3 ms
2025-01-19 21:12:25 [http-nio-8082-exec-4] INFO  o.s.api.AbstractOpenApiResource - Init duration for springdoc-openapi is: 331 ms
2025-01-19 21:14:20 [http-nio-8082-exec-8] INFO  c.e.controller.GatewayController - POST request for creating (course: CourseCreateRequest(title=string, instructor=string, hours=0))
2025-01-19 21:14:20 [http-nio-8082-exec-8] INFO  o.s.a.r.c.CachingConnectionFactory - Attempting to connect to: [rabbitmq:5672]
2025-01-19 21:14:20 [http-nio-8082-exec-8] INFO  o.s.a.r.c.CachingConnectionFactory - Created new connection: rabbitConnectionFactory#38cf3ae1:0/SimpleConnection@17f624fd [delegate=amqp://guest@172.18.0.5:5672/, localPort=57334]
2025-01-19 21:14:20 [http-nio-8082-exec-8] INFO  o.s.amqp.rabbit.core.RabbitAdmin - Auto-declaring a non-durable, auto-delete, or exclusive Queue (eventQueue) durable:false, auto-delete:false, exclusive:false. It will be redeclared if the broker stops and is restarted while the connection factory is alive, but all messages will be lost.
2025-01-19 21:14:20 [http-nio-8082-exec-8] INFO  com.example.rabbit.MessageProducer - Message request sent in rabbit. (Message: Message(operation=CREATE, data=CourseCreateRequest(title=string, instructor=string, hours=0)))
2025-01-19 21:14:21 [http-nio-8082-exec-1] INFO  c.e.controller.GatewayController - POST request for creating (course: CourseCreateRequest(title=string, instructor=string, hours=0))
2025-01-19 21:14:21 [http-nio-8082-exec-1] INFO  com.example.rabbit.MessageProducer - Message request sent in rabbit. (Message: Message(operation=CREATE, data=CourseCreateRequest(title=string, instructor=string, hours=0)))
2025-01-19 21:14:22 [http-nio-8082-exec-2] INFO  c.e.controller.GatewayController - POST request for creating (course: CourseCreateRequest(title=string, instructor=string, hours=0))
2025-01-19 21:14:22 [http-nio-8082-exec-2] INFO  com.example.rabbit.MessageProducer - Message request sent in rabbit. (Message: Message(operation=CREATE, data=CourseCreateRequest(title=string, instructor=string, hours=0)))
2025-01-19 21:14:22 [http-nio-8082-exec-3] INFO  c.e.controller.GatewayController - POST request for creating (course: CourseCreateRequest(title=string, instructor=string, hours=0))
2025-01-19 21:14:22 [http-nio-8082-exec-3] INFO  com.example.rabbit.MessageProducer - Message request sent in rabbit. (Message: Message(operation=CREATE, data=CourseCreateRequest(title=string, instructor=string, hours=0)))
2025-01-19 21:14:23 [http-nio-8082-exec-4] INFO  c.e.controller.GatewayController - POST request for creating (course: CourseCreateRequest(title=string, instructor=string, hours=0))
2025-01-19 21:14:23 [http-nio-8082-exec-4] INFO  com.example.rabbit.MessageProducer - Message request sent in rabbit. (Message: Message(operation=CREATE, data=CourseCreateRequest(title=string, instructor=string, hours=0)))
2025-01-19 21:14:23 [http-nio-8082-exec-6] INFO  c.e.controller.GatewayController - POST request for creating (course: CourseCreateRequest(title=string, instructor=string, hours=0))
2025-01-19 21:14:23 [http-nio-8082-exec-6] INFO  com.example.rabbit.MessageProducer - Message request sent in rabbit. (Message: Message(operation=CREATE, data=CourseCreateRequest(title=string, instructor=string, hours=0)))
2025-01-19 21:14:43 [http-nio-8082-exec-8] INFO  c.e.controller.GatewayController - GET request for getting courses with (page: 10, size: 10)
2025-01-19 21:15:00 [http-nio-8082-exec-10] INFO  c.e.controller.GatewayController - GET request for getting courses with (page: 1, size: 100)
2025-01-19 21:15:04 [http-nio-8082-exec-3] INFO  c.e.controller.GatewayController - GET request for getting courses with (page: 0, size: 100)
2025-01-19 21:15:47 [http-nio-8082-exec-8] INFO  c.e.controller.GatewayController - GET request for getting courses with (page: 0, size: 0)
2025-01-19 21:16:17 [http-nio-8082-exec-8] ERROR c.e.controller.GatewayController - Error retrieving courses
io.grpc.StatusRuntimeException: INTERNAL: Database is unavailable
Could not open JPA EntityManager for transaction
	at io.grpc.stub.ClientCalls.toStatusRuntimeException(ClientCalls.java:275)
	at io.grpc.stub.ClientCalls.getUnchecked(ClientCalls.java:256)
	at io.grpc.stub.ClientCalls.blockingUnaryCall(ClientCalls.java:169)
	at com.example.service.grpc.CourseServiceGrpc$CourseServiceBlockingStub.getAllCourses(CourseServiceGrpc.java:351)
	at com.example.controller.GatewayController.getAll(GatewayController.java:53)
	at java.base/jdk.internal.reflect.NativeMethodAccessorImpl.invoke0(Native Method)
	at java.base/jdk.internal.reflect.NativeMethodAccessorImpl.invoke(NativeMethodAccessorImpl.java:78)
	at java.base/jdk.internal.reflect.DelegatingMethodAccessorImpl.invoke(DelegatingMethodAccessorImpl.java:43)
	at java.base/java.lang.reflect.Method.invoke(Method.java:568)
	at org.springframework.aop.support.AopUtils.invokeJoinpointUsingReflection(AopUtils.java:355)
	at org.springframework.aop.framework.ReflectiveMethodInvocation.invokeJoinpoint(ReflectiveMethodInvocation.java:196)
	at org.springframework.aop.framework.ReflectiveMethodInvocation.proceed(ReflectiveMethodInvocation.java:163)
	at org.springframework.aop.framework.CglibAopProxy$CglibMethodInvocation.proceed(CglibAopProxy.java:768)
	at org.springframework.cache.interceptor.CacheInterceptor.lambda$invoke$0(CacheInterceptor.java:55)
	at org.springframework.cache.interceptor.CacheAspectSupport.invokeOperation(CacheAspectSupport.java:416)
	at org.springframework.cache.interceptor.CacheAspectSupport.evaluate(CacheAspectSupport.java:551)
	at org.springframework.cache.interceptor.CacheAspectSupport.execute(CacheAspectSupport.java:433)
	at org.springframework.cache.interceptor.CacheAspectSupport.execute(CacheAspectSupport.java:395)
	at org.springframework.cache.interceptor.CacheInterceptor.invoke(CacheInterceptor.java:65)
	at org.springframework.aop.framework.ReflectiveMethodInvocation.proceed(ReflectiveMethodInvocation.java:184)
	at org.springframework.aop.framework.CglibAopProxy$CglibMethodInvocation.proceed(CglibAopProxy.java:768)
	at org.springframework.aop.framework.CglibAopProxy$DynamicAdvisedInterceptor.intercept(CglibAopProxy.java:720)
	at com.example.controller.GatewayController$$SpringCGLIB$$0.getAll(<generated>)
	at java.base/jdk.internal.reflect.NativeMethodAccessorImpl.invoke0(Native Method)
	at java.base/jdk.internal.reflect.NativeMethodAccessorImpl.invoke(NativeMethodAccessorImpl.java:78)
	at java.base/jdk.internal.reflect.DelegatingMethodAccessorImpl.invoke(DelegatingMethodAccessorImpl.java:43)
	at java.base/java.lang.reflect.Method.invoke(Method.java:568)
	at org.springframework.web.method.support.InvocableHandlerMethod.doInvoke(InvocableHandlerMethod.java:255)
	at org.springframework.web.method.support.InvocableHandlerMethod.invokeForRequest(InvocableHandlerMethod.java:188)
	at org.springframework.web.servlet.mvc.method.annotation.ServletInvocableHandlerMethod.invokeAndHandle(ServletInvocableHandlerMethod.java:118)
	at org.springframework.web.servlet.mvc.method.annotation.RequestMappingHandlerAdapter.invokeHandlerMethod(RequestMappingHandlerAdapter.java:926)
	at org.springframework.web.servlet.mvc.method.annotation.RequestMappingHandlerAdapter.handleInternal(RequestMappingHandlerAdapter.java:831)
	at org.springframework.web.servlet.mvc.method.AbstractHandlerMethodAdapter.handle(AbstractHandlerMethodAdapter.java:87)
	at org.springframework.web.servlet.DispatcherServlet.doDispatch(DispatcherServlet.java:1089)
	at org.springframework.web.servlet.DispatcherServlet.doService(DispatcherServlet.java:979)
	at org.springframework.web.servlet.FrameworkServlet.processRequest(FrameworkServlet.java:1014)
	at org.springframework.web.servlet.FrameworkServlet.doGet(FrameworkServlet.java:903)
	at jakarta.servlet.http.HttpServlet.service(HttpServlet.java:564)
	at org.springframework.web.servlet.FrameworkServlet.service(FrameworkServlet.java:885)
	at jakarta.servlet.http.HttpServlet.service(HttpServlet.java:658)
	at org.apache.catalina.core.ApplicationFilterChain.internalDoFilter(ApplicationFilterChain.java:195)
	at org.apache.catalina.core.ApplicationFilterChain.doFilter(ApplicationFilterChain.java:140)
	at org.apache.tomcat.websocket.server.WsFilter.doFilter(WsFilter.java:51)
	at org.apache.catalina.core.ApplicationFilterChain.internalDoFilter(ApplicationFilterChain.java:164)
	at org.apache.catalina.core.ApplicationFilterChain.doFilter(ApplicationFilterChain.java:140)
	at org.springframework.web.filter.RequestContextFilter.doFilterInternal(RequestContextFilter.java:100)
	at org.springframework.web.filter.OncePerRequestFilter.doFilter(OncePerRequestFilter.java:116)
	at org.apache.catalina.core.ApplicationFilterChain.internalDoFilter(ApplicationFilterChain.java:164)
	at org.apache.catalina.core.ApplicationFilterChain.doFilter(ApplicationFilterChain.java:140)
	at org.springframework.web.filter.FormContentFilter.doFilterInternal(FormContentFilter.java:93)
	at org.springframework.web.filter.OncePerRequestFilter.doFilter(OncePerRequestFilter.java:116)
	at org.apache.catalina.core.ApplicationFilterChain.internalDoFilter(ApplicationFilterChain.java:164)
	at org.apache.catalina.core.ApplicationFilterChain.doFilter(ApplicationFilterChain.java:140)
	at org.springframework.web.filter.ServerHttpObservationFilter.doFilterInternal(ServerHttpObservationFilter.java:113)
	at org.springframework.web.filter.OncePerRequestFilter.doFilter(OncePerRequestFilter.java:116)
	at org.apache.catalina.core.ApplicationFilterChain.internalDoFilter(ApplicationFilterChain.java:164)
	at org.apache.catalina.core.ApplicationFilterChain.doFilter(ApplicationFilterChain.java:140)
	at org.springframework.web.filter.CharacterEncodingFilter.doFilterInternal(CharacterEncodingFilter.java:201)
	at org.springframework.web.filter.OncePerRequestFilter.doFilter(OncePerRequestFilter.java:116)
	at org.apache.catalina.core.ApplicationFilterChain.internalDoFilter(ApplicationFilterChain.java:164)
	at org.apache.catalina.core.ApplicationFilterChain.doFilter(ApplicationFilterChain.java:140)
	at org.apache.catalina.core.StandardWrapperValve.invoke(StandardWrapperValve.java:167)
	at org.apache.catalina.core.StandardContextValve.invoke(StandardContextValve.java:90)
	at org.apache.catalina.authenticator.AuthenticatorBase.invoke(AuthenticatorBase.java:483)
	at org.apache.catalina.core.StandardHostValve.invoke(StandardHostValve.java:115)
	at org.apache.catalina.valves.ErrorReportValve.invoke(ErrorReportValve.java:93)
	at org.apache.catalina.core.StandardEngineValve.invoke(StandardEngineValve.java:74)
	at org.apache.catalina.connector.CoyoteAdapter.service(CoyoteAdapter.java:344)
	at org.apache.coyote.http11.Http11Processor.service(Http11Processor.java:384)
	at org.apache.coyote.AbstractProcessorLight.process(AbstractProcessorLight.java:63)
	at org.apache.coyote.AbstractProtocol$ConnectionHandler.process(AbstractProtocol.java:904)
	at org.apache.tomcat.util.net.NioEndpoint$SocketProcessor.doRun(NioEndpoint.java:1741)
	at org.apache.tomcat.util.net.SocketProcessorBase.run(SocketProcessorBase.java:52)
	at org.apache.tomcat.util.threads.ThreadPoolExecutor.runWorker(ThreadPoolExecutor.java:1190)
	at org.apache.tomcat.util.threads.ThreadPoolExecutor$Worker.run(ThreadPoolExecutor.java:659)
	at org.apache.tomcat.util.threads.TaskThread$WrappingRunnable.run(TaskThread.java:63)
	at java.base/java.lang.Thread.run(Thread.java:831)
2025-01-19 21:23:49 [main] INFO  c.example.GatewayServiceApplication - Starting GatewayServiceApplication using Java 17-ea with PID 1 (/app/app.jar started by root in /app)
2025-01-19 21:23:49 [main] INFO  c.example.GatewayServiceApplication - No active profile set, falling back to 1 default profile: "default"
2025-01-19 21:23:54 [main] INFO  o.s.d.r.c.RepositoryConfigurationDelegate - Multiple Spring Data modules found, entering strict repository configuration mode
2025-01-19 21:23:54 [main] INFO  o.s.d.r.c.RepositoryConfigurationDelegate - Bootstrapping Spring Data Redis repositories in DEFAULT mode.
2025-01-19 21:23:54 [main] INFO  o.s.d.r.c.RepositoryConfigurationDelegate - Finished Spring Data repository scanning in 98 ms. Found 0 Redis repository interfaces.
2025-01-19 21:23:57 [main] INFO  o.s.b.w.e.tomcat.TomcatWebServer - Tomcat initialized with port 8082 (http)
2025-01-19 21:23:57 [main] INFO  o.a.coyote.http11.Http11NioProtocol - Initializing ProtocolHandler ["http-nio-8082"]
2025-01-19 21:23:57 [main] INFO  o.a.catalina.core.StandardService - Starting service [Tomcat]
2025-01-19 21:23:57 [main] INFO  o.a.catalina.core.StandardEngine - Starting Servlet engine: [Apache Tomcat/10.1.28]
2025-01-19 21:23:57 [main] INFO  o.a.c.c.C.[Tomcat].[localhost].[/] - Initializing Spring embedded WebApplicationContext
2025-01-19 21:23:57 [main] INFO  o.s.b.w.s.c.ServletWebServerApplicationContext - Root WebApplicationContext: initialization completed in 7685 ms
2025-01-19 21:24:09 [main] INFO  o.s.b.a.e.web.EndpointLinksResolver - Exposing 3 endpoints beneath base path '/actuator'
2025-01-19 21:24:10 [main] INFO  o.a.coyote.http11.Http11NioProtocol - Starting ProtocolHandler ["http-nio-8082"]
2025-01-19 21:24:10 [main] INFO  o.s.b.w.e.tomcat.TomcatWebServer - Tomcat started on port 8082 (http) with context path '/'
2025-01-19 21:24:11 [main] INFO  c.example.GatewayServiceApplication - Started GatewayServiceApplication in 23.362 seconds (process running for 26.654)
2025-01-19 21:24:12 [http-nio-8082-exec-1] INFO  o.a.c.c.C.[Tomcat].[localhost].[/] - Initializing Spring DispatcherServlet 'dispatcherServlet'
2025-01-19 21:24:12 [http-nio-8082-exec-1] INFO  o.s.web.servlet.DispatcherServlet - Initializing Servlet 'dispatcherServlet'
2025-01-19 21:24:12 [http-nio-8082-exec-1] INFO  o.s.web.servlet.DispatcherServlet - Completed initialization in 4 ms
2025-01-19 21:24:19 [http-nio-8082-exec-2] INFO  c.e.controller.GatewayController - GET request for getting courses with (page: 0, size: 0)
2025-01-19 21:24:50 [http-nio-8082-exec-8] INFO  c.e.controller.GatewayController - POST request for creating (course: CourseCreateRequest(title=string, instructor=string, hours=0))
2025-01-19 21:24:50 [http-nio-8082-exec-8] INFO  o.s.a.r.c.CachingConnectionFactory - Attempting to connect to: [rabbitmq:5672]
2025-01-19 21:24:50 [http-nio-8082-exec-8] INFO  o.s.a.r.c.CachingConnectionFactory - Created new connection: rabbitConnectionFactory#76db9048:0/SimpleConnection@38f211dd [delegate=amqp://guest@172.18.0.5:5672/, localPort=53914]
2025-01-19 21:24:50 [http-nio-8082-exec-8] INFO  o.s.amqp.rabbit.core.RabbitAdmin - Auto-declaring a non-durable, auto-delete, or exclusive Queue (eventQueue) durable:false, auto-delete:false, exclusive:false. It will be redeclared if the broker stops and is restarted while the connection factory is alive, but all messages will be lost.
2025-01-19 21:24:50 [http-nio-8082-exec-8] INFO  com.example.rabbit.MessageProducer - Message request sent in rabbit. (Message: Message(operation=CREATE, data=CourseCreateRequest(title=string, instructor=string, hours=0)))
2025-01-19 21:24:51 [http-nio-8082-exec-6] INFO  c.e.controller.GatewayController - POST request for creating (course: CourseCreateRequest(title=string, instructor=string, hours=0))
2025-01-19 21:24:51 [http-nio-8082-exec-6] INFO  com.example.rabbit.MessageProducer - Message request sent in rabbit. (Message: Message(operation=CREATE, data=CourseCreateRequest(title=string, instructor=string, hours=0)))
2025-01-19 21:24:51 [http-nio-8082-exec-9] INFO  c.e.controller.GatewayController - POST request for creating (course: CourseCreateRequest(title=string, instructor=string, hours=0))
2025-01-19 21:24:51 [http-nio-8082-exec-9] INFO  com.example.rabbit.MessageProducer - Message request sent in rabbit. (Message: Message(operation=CREATE, data=CourseCreateRequest(title=string, instructor=string, hours=0)))
2025-01-19 21:24:51 [http-nio-8082-exec-10] INFO  c.e.controller.GatewayController - POST request for creating (course: CourseCreateRequest(title=string, instructor=string, hours=0))
2025-01-19 21:24:51 [http-nio-8082-exec-10] INFO  com.example.rabbit.MessageProducer - Message request sent in rabbit. (Message: Message(operation=CREATE, data=CourseCreateRequest(title=string, instructor=string, hours=0)))
2025-01-19 21:25:05 [http-nio-8082-exec-4] INFO  c.e.controller.GatewayController - GET request for getting courses with (page: 0, size: 0)
2025-01-19 21:25:39 [http-nio-8082-exec-9] INFO  c.e.controller.GatewayController - GET request for getting courses with (page: 0, size: 3)
2025-01-19 21:25:42 [http-nio-8082-exec-9] ERROR c.e.controller.GatewayController - Error retrieving courses
io.grpc.StatusRuntimeException: DEADLINE_EXCEEDED: deadline exceeded after 2.999400613s. [closed=[], open=[[remote_addr=domain-service/172.18.0.11:50051]]]
	at io.grpc.stub.ClientCalls.toStatusRuntimeException(ClientCalls.java:275)
	at io.grpc.stub.ClientCalls.getUnchecked(ClientCalls.java:256)
	at io.grpc.stub.ClientCalls.blockingUnaryCall(ClientCalls.java:169)
	at com.example.service.grpc.CourseServiceGrpc$CourseServiceBlockingStub.getAllCourses(CourseServiceGrpc.java:351)
	at com.example.controller.GatewayController.getAll(GatewayController.java:62)
	at java.base/jdk.internal.reflect.NativeMethodAccessorImpl.invoke0(Native Method)
	at java.base/jdk.internal.reflect.NativeMethodAccessorImpl.invoke(NativeMethodAccessorImpl.java:78)
	at java.base/jdk.internal.reflect.DelegatingMethodAccessorImpl.invoke(DelegatingMethodAccessorImpl.java:43)
	at java.base/java.lang.reflect.Method.invoke(Method.java:568)
	at org.springframework.aop.support.AopUtils.invokeJoinpointUsingReflection(AopUtils.java:355)
	at org.springframework.aop.framework.ReflectiveMethodInvocation.invokeJoinpoint(ReflectiveMethodInvocation.java:196)
	at org.springframework.aop.framework.ReflectiveMethodInvocation.proceed(ReflectiveMethodInvocation.java:163)
	at org.springframework.aop.framework.CglibAopProxy$CglibMethodInvocation.proceed(CglibAopProxy.java:768)
	at org.springframework.cache.interceptor.CacheInterceptor.lambda$invoke$0(CacheInterceptor.java:55)
	at org.springframework.cache.interceptor.CacheAspectSupport.invokeOperation(CacheAspectSupport.java:416)
	at org.springframework.cache.interceptor.CacheAspectSupport.evaluate(CacheAspectSupport.java:551)
	at org.springframework.cache.interceptor.CacheAspectSupport.execute(CacheAspectSupport.java:433)
	at org.springframework.cache.interceptor.CacheAspectSupport.execute(CacheAspectSupport.java:395)
	at org.springframework.cache.interceptor.CacheInterceptor.invoke(CacheInterceptor.java:65)
	at org.springframework.aop.framework.ReflectiveMethodInvocation.proceed(ReflectiveMethodInvocation.java:184)
	at org.springframework.aop.framework.CglibAopProxy$CglibMethodInvocation.proceed(CglibAopProxy.java:768)
	at org.springframework.aop.framework.CglibAopProxy$DynamicAdvisedInterceptor.intercept(CglibAopProxy.java:720)
	at com.example.controller.GatewayController$$SpringCGLIB$$0.getAll(<generated>)
	at java.base/jdk.internal.reflect.NativeMethodAccessorImpl.invoke0(Native Method)
	at java.base/jdk.internal.reflect.NativeMethodAccessorImpl.invoke(NativeMethodAccessorImpl.java:78)
	at java.base/jdk.internal.reflect.DelegatingMethodAccessorImpl.invoke(DelegatingMethodAccessorImpl.java:43)
	at java.base/java.lang.reflect.Method.invoke(Method.java:568)
	at org.springframework.web.method.support.InvocableHandlerMethod.doInvoke(InvocableHandlerMethod.java:255)
	at org.springframework.web.method.support.InvocableHandlerMethod.invokeForRequest(InvocableHandlerMethod.java:188)
	at org.springframework.web.servlet.mvc.method.annotation.ServletInvocableHandlerMethod.invokeAndHandle(ServletInvocableHandlerMethod.java:118)
	at org.springframework.web.servlet.mvc.method.annotation.RequestMappingHandlerAdapter.invokeHandlerMethod(RequestMappingHandlerAdapter.java:926)
	at org.springframework.web.servlet.mvc.method.annotation.RequestMappingHandlerAdapter.handleInternal(RequestMappingHandlerAdapter.java:831)
	at org.springframework.web.servlet.mvc.method.AbstractHandlerMethodAdapter.handle(AbstractHandlerMethodAdapter.java:87)
	at org.springframework.web.servlet.DispatcherServlet.doDispatch(DispatcherServlet.java:1089)
	at org.springframework.web.servlet.DispatcherServlet.doService(DispatcherServlet.java:979)
	at org.springframework.web.servlet.FrameworkServlet.processRequest(FrameworkServlet.java:1014)
	at org.springframework.web.servlet.FrameworkServlet.doGet(FrameworkServlet.java:903)
	at jakarta.servlet.http.HttpServlet.service(HttpServlet.java:564)
	at org.springframework.web.servlet.FrameworkServlet.service(FrameworkServlet.java:885)
	at jakarta.servlet.http.HttpServlet.service(HttpServlet.java:658)
	at org.apache.catalina.core.ApplicationFilterChain.internalDoFilter(ApplicationFilterChain.java:195)
	at org.apache.catalina.core.ApplicationFilterChain.doFilter(ApplicationFilterChain.java:140)
	at org.apache.tomcat.websocket.server.WsFilter.doFilter(WsFilter.java:51)
	at org.apache.catalina.core.ApplicationFilterChain.internalDoFilter(ApplicationFilterChain.java:164)
	at org.apache.catalina.core.ApplicationFilterChain.doFilter(ApplicationFilterChain.java:140)
	at org.springframework.web.filter.RequestContextFilter.doFilterInternal(RequestContextFilter.java:100)
	at org.springframework.web.filter.OncePerRequestFilter.doFilter(OncePerRequestFilter.java:116)
	at org.apache.catalina.core.ApplicationFilterChain.internalDoFilter(ApplicationFilterChain.java:164)
	at org.apache.catalina.core.ApplicationFilterChain.doFilter(ApplicationFilterChain.java:140)
	at org.springframework.web.filter.FormContentFilter.doFilterInternal(FormContentFilter.java:93)
	at org.springframework.web.filter.OncePerRequestFilter.doFilter(OncePerRequestFilter.java:116)
	at org.apache.catalina.core.ApplicationFilterChain.internalDoFilter(ApplicationFilterChain.java:164)
	at org.apache.catalina.core.ApplicationFilterChain.doFilter(ApplicationFilterChain.java:140)
	at org.springframework.web.filter.ServerHttpObservationFilter.doFilterInternal(ServerHttpObservationFilter.java:113)
	at org.springframework.web.filter.OncePerRequestFilter.doFilter(OncePerRequestFilter.java:116)
	at org.apache.catalina.core.ApplicationFilterChain.internalDoFilter(ApplicationFilterChain.java:164)
	at org.apache.catalina.core.ApplicationFilterChain.doFilter(ApplicationFilterChain.java:140)
	at org.springframework.web.filter.CharacterEncodingFilter.doFilterInternal(CharacterEncodingFilter.java:201)
	at org.springframework.web.filter.OncePerRequestFilter.doFilter(OncePerRequestFilter.java:116)
	at org.apache.catalina.core.ApplicationFilterChain.internalDoFilter(ApplicationFilterChain.java:164)
	at org.apache.catalina.core.ApplicationFilterChain.doFilter(ApplicationFilterChain.java:140)
	at org.apache.catalina.core.StandardWrapperValve.invoke(StandardWrapperValve.java:167)
	at org.apache.catalina.core.StandardContextValve.invoke(StandardContextValve.java:90)
	at org.apache.catalina.authenticator.AuthenticatorBase.invoke(AuthenticatorBase.java:483)
	at org.apache.catalina.core.StandardHostValve.invoke(StandardHostValve.java:115)
	at org.apache.catalina.valves.ErrorReportValve.invoke(ErrorReportValve.java:93)
	at org.apache.catalina.core.StandardEngineValve.invoke(StandardEngineValve.java:74)
	at org.apache.catalina.connector.CoyoteAdapter.service(CoyoteAdapter.java:344)
	at org.apache.coyote.http11.Http11Processor.service(Http11Processor.java:384)
	at org.apache.coyote.AbstractProcessorLight.process(AbstractProcessorLight.java:63)
	at org.apache.coyote.AbstractProtocol$ConnectionHandler.process(AbstractProtocol.java:904)
	at org.apache.tomcat.util.net.NioEndpoint$SocketProcessor.doRun(NioEndpoint.java:1741)
	at org.apache.tomcat.util.net.SocketProcessorBase.run(SocketProcessorBase.java:52)
	at org.apache.tomcat.util.threads.ThreadPoolExecutor.runWorker(ThreadPoolExecutor.java:1190)
	at org.apache.tomcat.util.threads.ThreadPoolExecutor$Worker.run(ThreadPoolExecutor.java:659)
	at org.apache.tomcat.util.threads.TaskThread$WrappingRunnable.run(TaskThread.java:63)
	at java.base/java.lang.Thread.run(Thread.java:831)
2025-01-19 21:28:05 [http-nio-8082-exec-5] INFO  c.e.controller.GatewayController - GET request for getting courses with (page: 0, size: 4)
2025-01-19 21:34:28 [http-nio-8082-exec-5] INFO  c.e.controller.GatewayController - POST request for creating (course: CourseCreateRequest(title=string, instructor=string, hours=0))
2025-01-19 21:34:28 [http-nio-8082-exec-5] INFO  com.example.rabbit.MessageProducer - Message request sent in rabbit. (Message: Message(operation=CREATE, data=CourseCreateRequest(title=string, instructor=string, hours=0)))
2025-01-19 21:35:23 [http-nio-8082-exec-3] INFO  c.e.controller.GatewayController - GET request for getting courses with (page: 0, size: 4)
2025-01-19 21:35:25 [http-nio-8082-exec-4] INFO  c.e.controller.GatewayController - GET request for getting courses with (page: 0, size: 5)
2025-01-19 21:35:26 [http-nio-8082-exec-5] INFO  c.e.controller.GatewayController - GET request for getting courses with (page: 0, size: 6)
2025-01-19 21:35:27 [http-nio-8082-exec-7] INFO  c.e.controller.GatewayController - GET request for getting courses with (page: 0, size: 7)
2025-01-19 21:35:28 [http-nio-8082-exec-8] INFO  c.e.controller.GatewayController - GET request for getting courses with (page: 0, size: 8)
2025-01-19 21:35:30 [http-nio-8082-exec-6] INFO  c.e.controller.GatewayController - GET request for getting courses with (page: 0, size: 9)
2025-01-19 21:35:32 [http-nio-8082-exec-9] INFO  c.e.controller.GatewayController - GET request for getting courses with (page: 0, size: 10)
2025-01-19 21:37:07 [http-nio-8082-exec-1] INFO  c.e.controller.GatewayController - POST request for creating (course: CourseCreateRequest(title=string, instructor=string, hours=0))
2025-01-19 21:37:07 [http-nio-8082-exec-1] INFO  com.example.rabbit.MessageProducer - Message request sent in rabbit. (Message: Message(operation=CREATE, data=CourseCreateRequest(title=string, instructor=string, hours=0)))
2025-01-19 21:37:07 [http-nio-8082-exec-2] INFO  c.e.controller.GatewayController - POST request for creating (course: CourseCreateRequest(title=string, instructor=string, hours=0))
2025-01-19 21:37:07 [http-nio-8082-exec-2] INFO  com.example.rabbit.MessageProducer - Message request sent in rabbit. (Message: Message(operation=CREATE, data=CourseCreateRequest(title=string, instructor=string, hours=0)))
2025-01-19 21:37:08 [http-nio-8082-exec-3] INFO  c.e.controller.GatewayController - POST request for creating (course: CourseCreateRequest(title=string, instructor=string, hours=0))
2025-01-19 21:37:08 [http-nio-8082-exec-3] INFO  com.example.rabbit.MessageProducer - Message request sent in rabbit. (Message: Message(operation=CREATE, data=CourseCreateRequest(title=string, instructor=string, hours=0)))
2025-01-19 21:37:08 [http-nio-8082-exec-4] INFO  c.e.controller.GatewayController - POST request for creating (course: CourseCreateRequest(title=string, instructor=string, hours=0))
2025-01-19 21:37:08 [http-nio-8082-exec-4] INFO  com.example.rabbit.MessageProducer - Message request sent in rabbit. (Message: Message(operation=CREATE, data=CourseCreateRequest(title=string, instructor=string, hours=0)))
2025-01-19 21:37:08 [http-nio-8082-exec-5] INFO  c.e.controller.GatewayController - POST request for creating (course: CourseCreateRequest(title=string, instructor=string, hours=0))
2025-01-19 21:37:08 [http-nio-8082-exec-5] INFO  com.example.rabbit.MessageProducer - Message request sent in rabbit. (Message: Message(operation=CREATE, data=CourseCreateRequest(title=string, instructor=string, hours=0)))
2025-01-19 21:37:09 [http-nio-8082-exec-7] INFO  c.e.controller.GatewayController - POST request for creating (course: CourseCreateRequest(title=string, instructor=string, hours=0))
2025-01-19 21:37:09 [http-nio-8082-exec-7] INFO  com.example.rabbit.MessageProducer - Message request sent in rabbit. (Message: Message(operation=CREATE, data=CourseCreateRequest(title=string, instructor=string, hours=0)))
2025-01-19 21:37:09 [http-nio-8082-exec-8] INFO  c.e.controller.GatewayController - POST request for creating (course: CourseCreateRequest(title=string, instructor=string, hours=0))
2025-01-19 21:37:09 [http-nio-8082-exec-8] INFO  com.example.rabbit.MessageProducer - Message request sent in rabbit. (Message: Message(operation=CREATE, data=CourseCreateRequest(title=string, instructor=string, hours=0)))
2025-01-19 22:01:40 [main] INFO  c.example.GatewayServiceApplication - Starting GatewayServiceApplication using Java 17-ea with PID 1 (/app/app.jar started by root in /app)
2025-01-19 22:01:40 [main] INFO  c.example.GatewayServiceApplication - No active profile set, falling back to 1 default profile: "default"
2025-01-19 22:01:58 [main] INFO  o.s.d.r.c.RepositoryConfigurationDelegate - Multiple Spring Data modules found, entering strict repository configuration mode
2025-01-19 22:01:58 [main] INFO  o.s.d.r.c.RepositoryConfigurationDelegate - Bootstrapping Spring Data Redis repositories in DEFAULT mode.
2025-01-19 22:01:58 [main] INFO  o.s.d.r.c.RepositoryConfigurationDelegate - Finished Spring Data repository scanning in 508 ms. Found 0 Redis repository interfaces.
2025-01-19 22:02:09 [main] INFO  o.s.b.w.e.tomcat.TomcatWebServer - Tomcat initialized with port 8082 (http)
2025-01-19 22:02:09 [main] INFO  o.a.coyote.http11.Http11NioProtocol - Initializing ProtocolHandler ["http-nio-8082"]
2025-01-19 22:02:09 [main] INFO  o.a.catalina.core.StandardService - Starting service [Tomcat]
2025-01-19 22:02:09 [main] INFO  o.a.catalina.core.StandardEngine - Starting Servlet engine: [Apache Tomcat/10.1.28]
2025-01-19 22:02:10 [main] INFO  o.a.c.c.C.[Tomcat].[localhost].[/] - Initializing Spring embedded WebApplicationContext
2025-01-19 22:02:10 [main] INFO  o.s.b.w.s.c.ServletWebServerApplicationContext - Root WebApplicationContext: initialization completed in 28709 ms
2025-01-19 22:02:56 [main] INFO  o.s.b.a.e.web.EndpointLinksResolver - Exposing 3 endpoints beneath base path '/actuator'
2025-01-19 22:02:58 [main] INFO  o.a.coyote.http11.Http11NioProtocol - Starting ProtocolHandler ["http-nio-8082"]
2025-01-19 22:02:58 [main] INFO  o.s.b.w.e.tomcat.TomcatWebServer - Tomcat started on port 8082 (http) with context path '/'
2025-01-19 22:02:59 [main] INFO  c.example.GatewayServiceApplication - Started GatewayServiceApplication in 83.654 seconds (process running for 94.087)
2025-01-19 22:03:08 [http-nio-8082-exec-1] INFO  o.a.c.c.C.[Tomcat].[localhost].[/] - Initializing Spring DispatcherServlet 'dispatcherServlet'
2025-01-19 22:03:08 [http-nio-8082-exec-1] INFO  o.s.web.servlet.DispatcherServlet - Initializing Servlet 'dispatcherServlet'
2025-01-19 22:03:08 [http-nio-8082-exec-1] INFO  o.s.web.servlet.DispatcherServlet - Completed initialization in 9 ms
2025-01-19 22:03:48 [http-nio-8082-exec-3] INFO  o.s.api.AbstractOpenApiResource - Init duration for springdoc-openapi is: 2599 ms
2025-01-19 22:08:16 [main] INFO  c.example.GatewayServiceApplication - Starting GatewayServiceApplication using Java 17-ea with PID 1 (/app/app.jar started by root in /app)
2025-01-19 22:08:16 [main] INFO  c.example.GatewayServiceApplication - No active profile set, falling back to 1 default profile: "default"
2025-01-19 22:08:23 [main] INFO  o.s.d.r.c.RepositoryConfigurationDelegate - Multiple Spring Data modules found, entering strict repository configuration mode
2025-01-19 22:08:23 [main] INFO  o.s.d.r.c.RepositoryConfigurationDelegate - Bootstrapping Spring Data Redis repositories in DEFAULT mode.
2025-01-19 22:08:24 [main] INFO  o.s.d.r.c.RepositoryConfigurationDelegate - Finished Spring Data repository scanning in 126 ms. Found 0 Redis repository interfaces.
2025-01-19 22:08:27 [main] INFO  o.s.b.w.e.tomcat.TomcatWebServer - Tomcat initialized with port 8082 (http)
2025-01-19 22:08:27 [main] INFO  o.a.coyote.http11.Http11NioProtocol - Initializing ProtocolHandler ["http-nio-8082"]
2025-01-19 22:08:27 [main] INFO  o.a.catalina.core.StandardService - Starting service [Tomcat]
2025-01-19 22:08:27 [main] INFO  o.a.catalina.core.StandardEngine - Starting Servlet engine: [Apache Tomcat/10.1.28]
2025-01-19 22:08:27 [main] INFO  o.a.c.c.C.[Tomcat].[localhost].[/] - Initializing Spring embedded WebApplicationContext
2025-01-19 22:08:27 [main] INFO  o.s.b.w.s.c.ServletWebServerApplicationContext - Root WebApplicationContext: initialization completed in 10495 ms
2025-01-19 22:08:40 [main] INFO  o.s.b.a.e.web.EndpointLinksResolver - Exposing 3 endpoints beneath base path '/actuator'
2025-01-19 22:08:40 [main] INFO  o.a.coyote.http11.Http11NioProtocol - Starting ProtocolHandler ["http-nio-8082"]
2025-01-19 22:08:40 [main] INFO  o.s.b.w.e.tomcat.TomcatWebServer - Tomcat started on port 8082 (http) with context path '/'
2025-01-19 22:08:41 [main] INFO  c.example.GatewayServiceApplication - Started GatewayServiceApplication in 26.316 seconds (process running for 30.798)
2025-01-19 22:08:48 [http-nio-8082-exec-3] INFO  o.a.c.c.C.[Tomcat].[localhost].[/] - Initializing Spring DispatcherServlet 'dispatcherServlet'
2025-01-19 22:08:48 [http-nio-8082-exec-3] INFO  o.s.web.servlet.DispatcherServlet - Initializing Servlet 'dispatcherServlet'
2025-01-19 22:08:48 [http-nio-8082-exec-3] INFO  o.s.web.servlet.DispatcherServlet - Completed initialization in 2 ms
2025-01-19 22:11:14 [http-nio-8082-exec-5] INFO  o.s.api.AbstractOpenApiResource - Init duration for springdoc-openapi is: 289 ms
2025-01-19 22:12:57 [http-nio-8082-exec-2] INFO  c.e.controller.GatewayController - POST request for creating (course: CourseCreateRequest(title=string, instructor=string, hours=0))
2025-01-19 22:12:57 [http-nio-8082-exec-2] INFO  o.s.a.r.c.CachingConnectionFactory - Attempting to connect to: [rabbitmq:5672]
2025-01-19 22:12:57 [http-nio-8082-exec-2] INFO  o.s.a.r.c.CachingConnectionFactory - Created new connection: rabbitConnectionFactory#2c0dca15:0/SimpleConnection@2ea6307a [delegate=amqp://guest@172.18.0.7:5672/, localPort=56344]
2025-01-19 22:12:57 [http-nio-8082-exec-2] INFO  o.s.amqp.rabbit.core.RabbitAdmin - Auto-declaring a non-durable, auto-delete, or exclusive Queue (eventQueue) durable:false, auto-delete:false, exclusive:false. It will be redeclared if the broker stops and is restarted while the connection factory is alive, but all messages will be lost.
2025-01-19 22:12:57 [http-nio-8082-exec-2] INFO  com.example.rabbit.MessageProducer - Message request sent in rabbit. (Message: Message(operation=CREATE, data=CourseCreateRequest(title=string, instructor=string, hours=0)))
2025-01-19 22:13:30 [http-nio-8082-exec-7] INFO  c.e.controller.GatewayController - GET request for getting courses with (page: 0, size: 1)
2025-01-19 22:13:53 [http-nio-8082-exec-10] INFO  c.e.controller.GatewayController - GET request for getting course with (id: 25)
2025-01-19 22:14:21 [http-nio-8082-exec-6] INFO  c.e.controller.GatewayController - PATCH request for updating (id: 25, course: CourseDto(id=0, title=fdsa, instructor=dsfa, hours=0))
2025-01-19 22:14:21 [http-nio-8082-exec-6] INFO  com.example.rabbit.MessageProducer - Message request sent in rabbit. (Message: Message(operation=UPDATE, data=CourseDto(id=25, title=fdsa, instructor=dsfa, hours=0)))
2025-01-19 22:14:26 [http-nio-8082-exec-5] INFO  c.e.controller.GatewayController - GET request for getting courses with (page: 0, size: 1)
2025-01-19 22:14:45 [http-nio-8082-exec-9] INFO  c.e.controller.GatewayController - DELETE request for deleting course with (id: 25)
2025-01-19 22:14:45 [http-nio-8082-exec-9] INFO  com.example.rabbit.MessageProducer - Message request sent in rabbit. (Message: Message(operation=DELETE, data=25))
2025-01-19 22:16:43 [http-nio-8082-exec-4] INFO  c.e.controller.GatewayController - GET request for getting courses with (page: 0, size: 1)
2025-01-19 22:16:46 [http-nio-8082-exec-4] ERROR c.e.controller.GatewayController - Error retrieving courses
io.grpc.StatusRuntimeException: DEADLINE_EXCEEDED: deadline exceeded after 2.998955496s. [closed=[], open=[[remote_addr=domain-service/172.18.0.12:50051]]]
	at io.grpc.stub.ClientCalls.toStatusRuntimeException(ClientCalls.java:275)
	at io.grpc.stub.ClientCalls.getUnchecked(ClientCalls.java:256)
	at io.grpc.stub.ClientCalls.blockingUnaryCall(ClientCalls.java:169)
	at com.example.service.grpc.CourseServiceGrpc$CourseServiceBlockingStub.getAllCourses(CourseServiceGrpc.java:351)
	at com.example.controller.GatewayController.getAll(GatewayController.java:62)
	at java.base/jdk.internal.reflect.NativeMethodAccessorImpl.invoke0(Native Method)
	at java.base/jdk.internal.reflect.NativeMethodAccessorImpl.invoke(NativeMethodAccessorImpl.java:78)
	at java.base/jdk.internal.reflect.DelegatingMethodAccessorImpl.invoke(DelegatingMethodAccessorImpl.java:43)
	at java.base/java.lang.reflect.Method.invoke(Method.java:568)
	at org.springframework.aop.support.AopUtils.invokeJoinpointUsingReflection(AopUtils.java:355)
	at org.springframework.aop.framework.ReflectiveMethodInvocation.invokeJoinpoint(ReflectiveMethodInvocation.java:196)
	at org.springframework.aop.framework.ReflectiveMethodInvocation.proceed(ReflectiveMethodInvocation.java:163)
	at org.springframework.aop.framework.CglibAopProxy$CglibMethodInvocation.proceed(CglibAopProxy.java:768)
	at org.springframework.cache.interceptor.CacheInterceptor.lambda$invoke$0(CacheInterceptor.java:55)
	at org.springframework.cache.interceptor.CacheAspectSupport.invokeOperation(CacheAspectSupport.java:416)
	at org.springframework.cache.interceptor.CacheAspectSupport.evaluate(CacheAspectSupport.java:551)
	at org.springframework.cache.interceptor.CacheAspectSupport.execute(CacheAspectSupport.java:433)
	at org.springframework.cache.interceptor.CacheAspectSupport.execute(CacheAspectSupport.java:395)
	at org.springframework.cache.interceptor.CacheInterceptor.invoke(CacheInterceptor.java:65)
	at org.springframework.aop.framework.ReflectiveMethodInvocation.proceed(ReflectiveMethodInvocation.java:184)
	at org.springframework.aop.framework.CglibAopProxy$CglibMethodInvocation.proceed(CglibAopProxy.java:768)
	at org.springframework.aop.framework.CglibAopProxy$DynamicAdvisedInterceptor.intercept(CglibAopProxy.java:720)
	at com.example.controller.GatewayController$$SpringCGLIB$$0.getAll(<generated>)
	at java.base/jdk.internal.reflect.NativeMethodAccessorImpl.invoke0(Native Method)
	at java.base/jdk.internal.reflect.NativeMethodAccessorImpl.invoke(NativeMethodAccessorImpl.java:78)
	at java.base/jdk.internal.reflect.DelegatingMethodAccessorImpl.invoke(DelegatingMethodAccessorImpl.java:43)
	at java.base/java.lang.reflect.Method.invoke(Method.java:568)
	at org.springframework.web.method.support.InvocableHandlerMethod.doInvoke(InvocableHandlerMethod.java:255)
	at org.springframework.web.method.support.InvocableHandlerMethod.invokeForRequest(InvocableHandlerMethod.java:188)
	at org.springframework.web.servlet.mvc.method.annotation.ServletInvocableHandlerMethod.invokeAndHandle(ServletInvocableHandlerMethod.java:118)
	at org.springframework.web.servlet.mvc.method.annotation.RequestMappingHandlerAdapter.invokeHandlerMethod(RequestMappingHandlerAdapter.java:926)
	at org.springframework.web.servlet.mvc.method.annotation.RequestMappingHandlerAdapter.handleInternal(RequestMappingHandlerAdapter.java:831)
	at org.springframework.web.servlet.mvc.method.AbstractHandlerMethodAdapter.handle(AbstractHandlerMethodAdapter.java:87)
	at org.springframework.web.servlet.DispatcherServlet.doDispatch(DispatcherServlet.java:1089)
	at org.springframework.web.servlet.DispatcherServlet.doService(DispatcherServlet.java:979)
	at org.springframework.web.servlet.FrameworkServlet.processRequest(FrameworkServlet.java:1014)
	at org.springframework.web.servlet.FrameworkServlet.doGet(FrameworkServlet.java:903)
	at jakarta.servlet.http.HttpServlet.service(HttpServlet.java:564)
	at org.springframework.web.servlet.FrameworkServlet.service(FrameworkServlet.java:885)
	at jakarta.servlet.http.HttpServlet.service(HttpServlet.java:658)
	at org.apache.catalina.core.ApplicationFilterChain.internalDoFilter(ApplicationFilterChain.java:195)
	at org.apache.catalina.core.ApplicationFilterChain.doFilter(ApplicationFilterChain.java:140)
	at org.apache.tomcat.websocket.server.WsFilter.doFilter(WsFilter.java:51)
	at org.apache.catalina.core.ApplicationFilterChain.internalDoFilter(ApplicationFilterChain.java:164)
	at org.apache.catalina.core.ApplicationFilterChain.doFilter(ApplicationFilterChain.java:140)
	at org.springframework.web.filter.RequestContextFilter.doFilterInternal(RequestContextFilter.java:100)
	at org.springframework.web.filter.OncePerRequestFilter.doFilter(OncePerRequestFilter.java:116)
	at org.apache.catalina.core.ApplicationFilterChain.internalDoFilter(ApplicationFilterChain.java:164)
	at org.apache.catalina.core.ApplicationFilterChain.doFilter(ApplicationFilterChain.java:140)
	at org.springframework.web.filter.FormContentFilter.doFilterInternal(FormContentFilter.java:93)
	at org.springframework.web.filter.OncePerRequestFilter.doFilter(OncePerRequestFilter.java:116)
	at org.apache.catalina.core.ApplicationFilterChain.internalDoFilter(ApplicationFilterChain.java:164)
	at org.apache.catalina.core.ApplicationFilterChain.doFilter(ApplicationFilterChain.java:140)
	at org.springframework.web.filter.ServerHttpObservationFilter.doFilterInternal(ServerHttpObservationFilter.java:113)
	at org.springframework.web.filter.OncePerRequestFilter.doFilter(OncePerRequestFilter.java:116)
	at org.apache.catalina.core.ApplicationFilterChain.internalDoFilter(ApplicationFilterChain.java:164)
	at org.apache.catalina.core.ApplicationFilterChain.doFilter(ApplicationFilterChain.java:140)
	at org.springframework.web.filter.CharacterEncodingFilter.doFilterInternal(CharacterEncodingFilter.java:201)
	at org.springframework.web.filter.OncePerRequestFilter.doFilter(OncePerRequestFilter.java:116)
	at org.apache.catalina.core.ApplicationFilterChain.internalDoFilter(ApplicationFilterChain.java:164)
	at org.apache.catalina.core.ApplicationFilterChain.doFilter(ApplicationFilterChain.java:140)
	at org.apache.catalina.core.StandardWrapperValve.invoke(StandardWrapperValve.java:167)
	at org.apache.catalina.core.StandardContextValve.invoke(StandardContextValve.java:90)
	at org.apache.catalina.authenticator.AuthenticatorBase.invoke(AuthenticatorBase.java:483)
	at org.apache.catalina.core.StandardHostValve.invoke(StandardHostValve.java:115)
	at org.apache.catalina.valves.ErrorReportValve.invoke(ErrorReportValve.java:93)
	at org.apache.catalina.core.StandardEngineValve.invoke(StandardEngineValve.java:74)
	at org.apache.catalina.connector.CoyoteAdapter.service(CoyoteAdapter.java:344)
	at org.apache.coyote.http11.Http11Processor.service(Http11Processor.java:384)
	at org.apache.coyote.AbstractProcessorLight.process(AbstractProcessorLight.java:63)
	at org.apache.coyote.AbstractProtocol$ConnectionHandler.process(AbstractProtocol.java:904)
	at org.apache.tomcat.util.net.NioEndpoint$SocketProcessor.doRun(NioEndpoint.java:1741)
	at org.apache.tomcat.util.net.SocketProcessorBase.run(SocketProcessorBase.java:52)
	at org.apache.tomcat.util.threads.ThreadPoolExecutor.runWorker(ThreadPoolExecutor.java:1190)
	at org.apache.tomcat.util.threads.ThreadPoolExecutor$Worker.run(ThreadPoolExecutor.java:659)
	at org.apache.tomcat.util.threads.TaskThread$WrappingRunnable.run(TaskThread.java:63)
	at java.base/java.lang.Thread.run(Thread.java:831)
2025-01-19 22:18:27 [http-nio-8082-exec-1] INFO  c.e.controller.GatewayController - GET request for getting courses with (page: 0, size: 1)
2025-01-19 22:18:32 [http-nio-8082-exec-5] INFO  c.e.controller.GatewayController - POST request for creating (course: CourseCreateRequest(title=string, instructor=string, hours=0))
2025-01-19 22:18:32 [http-nio-8082-exec-5] INFO  com.example.rabbit.MessageProducer - Message request sent in rabbit. (Message: Message(operation=CREATE, data=CourseCreateRequest(title=string, instructor=string, hours=0)))
2025-01-19 22:18:35 [http-nio-8082-exec-7] INFO  c.e.controller.GatewayController - GET request for getting courses with (page: 0, size: 1)
