2025-01-08 05:39:54 [main] INFO  c.example.GatewayServiceApplication - Starting GatewayServiceApplication using Java 17-ea with PID 1 (/app/app.jar started by root in /app)
2025-01-08 05:39:54 [main] INFO  c.example.GatewayServiceApplication - No active profile set, falling back to 1 default profile: "default"
2025-01-08 05:39:57 [main] INFO  o.s.d.r.c.RepositoryConfigurationDelegate - Multiple Spring Data modules found, entering strict repository configuration mode
2025-01-08 05:39:57 [main] INFO  o.s.d.r.c.RepositoryConfigurationDelegate - Bootstrapping Spring Data Redis repositories in DEFAULT mode.
2025-01-08 05:39:57 [main] INFO  o.s.d.r.c.RepositoryConfigurationDelegate - Finished Spring Data repository scanning in 70 ms. Found 0 Redis repository interfaces.
2025-01-08 05:39:58 [main] INFO  o.s.b.w.e.tomcat.TomcatWebServer - Tomcat initialized with port 8082 (http)
2025-01-08 05:39:58 [main] INFO  o.a.coyote.http11.Http11NioProtocol - Initializing ProtocolHandler ["http-nio-8082"]
2025-01-08 05:39:58 [main] INFO  o.a.catalina.core.StandardService - Starting service [Tomcat]
2025-01-08 05:39:58 [main] INFO  o.a.catalina.core.StandardEngine - Starting Servlet engine: [Apache Tomcat/10.1.28]
2025-01-08 05:39:58 [main] INFO  o.a.c.c.C.[Tomcat].[localhost].[/] - Initializing Spring embedded WebApplicationContext
2025-01-08 05:39:58 [main] INFO  o.s.b.w.s.c.ServletWebServerApplicationContext - Root WebApplicationContext: initialization completed in 3606 ms
2025-01-08 05:40:06 [main] INFO  o.s.b.a.e.web.EndpointLinksResolver - Exposing 3 endpoints beneath base path '/actuator'
2025-01-08 05:40:06 [main] INFO  o.a.coyote.http11.Http11NioProtocol - Starting ProtocolHandler ["http-nio-8082"]
2025-01-08 05:40:06 [main] INFO  o.s.b.w.e.tomcat.TomcatWebServer - Tomcat started on port 8082 (http) with context path '/'
2025-01-08 05:40:06 [main] INFO  c.example.GatewayServiceApplication - Started GatewayServiceApplication in 12.559 seconds (process running for 15.166)
2025-01-08 05:40:15 [http-nio-8082-exec-1] INFO  o.a.c.c.C.[Tomcat].[localhost].[/] - Initializing Spring DispatcherServlet 'dispatcherServlet'
2025-01-08 05:40:15 [http-nio-8082-exec-1] INFO  o.s.web.servlet.DispatcherServlet - Initializing Servlet 'dispatcherServlet'
2025-01-08 05:40:15 [http-nio-8082-exec-1] INFO  o.s.web.servlet.DispatcherServlet - Completed initialization in 2 ms
2025-01-08 05:40:38 [http-nio-8082-exec-4] INFO  c.e.controller.GatewayController - GET request for getting courses with (page: 0, size: 7)
2025-01-08 05:42:29 [http-nio-8082-exec-9] INFO  c.e.controller.GatewayController - GET request for getting courses with (page: 0, size: 8)
2025-01-08 05:42:32 [http-nio-8082-exec-10] INFO  c.e.controller.GatewayController - GET request for getting courses with (page: 0, size: 10)
2025-01-08 05:42:40 [http-nio-8082-exec-3] INFO  c.e.controller.GatewayController - POST request for creating (course: CourseCreateRequest(title=1264365346dgagdasgd3575373, instructor=5435agfhahfsdhfsdhfsdhfsdhsfdh12421412, hours=1235435))
2025-01-08 05:42:40 [http-nio-8082-exec-3] INFO  o.s.a.r.c.CachingConnectionFactory - Attempting to connect to: [rabbitmq:5672]
2025-01-08 05:42:40 [http-nio-8082-exec-3] INFO  o.s.a.r.c.CachingConnectionFactory - Created new connection: rabbitConnectionFactory#485451d8:0/SimpleConnection@3bb98fbd [delegate=amqp://guest@172.25.0.5:5672/, localPort=46084]
2025-01-08 05:42:40 [http-nio-8082-exec-3] INFO  o.s.amqp.rabbit.core.RabbitAdmin - Auto-declaring a non-durable, auto-delete, or exclusive Queue (eventQueue) durable:false, auto-delete:false, exclusive:false. It will be redeclared if the broker stops and is restarted while the connection factory is alive, but all messages will be lost.
2025-01-08 05:42:40 [http-nio-8082-exec-3] INFO  com.example.rabbit.MessageProducer - Message request sent in rabbit. (Message: Message(operation=CREATE, data=CourseCreateRequest(title=1264365346dgagdasgd3575373, instructor=5435agfhahfsdhfsdhfsdhfsdhsfdh12421412, hours=1235435)))
2025-01-08 05:43:02 [http-nio-8082-exec-6] INFO  c.e.controller.GatewayController - GET request for getting course with (id: 21)
2025-01-08 05:43:05 [http-nio-8082-exec-8] INFO  c.e.controller.GatewayController - PATCH request for updating (id: 13, course: CourseDto(id=null, title=1235423, instructor=null, hours=null))
2025-01-08 05:43:05 [http-nio-8082-exec-8] INFO  com.example.rabbit.MessageProducer - Message request sent in rabbit. (Message: Message(operation=UPDATE, data=CourseDto(id=13, title=1235423, instructor=null, hours=null)))
2025-01-08 05:43:18 [http-nio-8082-exec-10] INFO  c.e.controller.GatewayController - DELETE request for deleting course with (id: 23)
2025-01-08 05:43:18 [http-nio-8082-exec-10] INFO  com.example.rabbit.MessageProducer - Message request sent in rabbit. (Message: Message(operation=DELETE, data=23))
2025-01-18 18:17:25 [main] INFO  c.example.GatewayServiceApplication - Starting GatewayServiceApplication using Java 17-ea with PID 1 (/app/app.jar started by root in /app)
2025-01-18 18:17:25 [main] INFO  c.example.GatewayServiceApplication - No active profile set, falling back to 1 default profile: "default"
2025-01-18 18:17:30 [main] INFO  o.s.d.r.c.RepositoryConfigurationDelegate - Multiple Spring Data modules found, entering strict repository configuration mode
2025-01-18 18:17:30 [main] INFO  o.s.d.r.c.RepositoryConfigurationDelegate - Bootstrapping Spring Data Redis repositories in DEFAULT mode.
2025-01-18 18:17:30 [main] INFO  o.s.d.r.c.RepositoryConfigurationDelegate - Finished Spring Data repository scanning in 77 ms. Found 0 Redis repository interfaces.
2025-01-18 18:17:33 [main] INFO  o.s.b.w.e.tomcat.TomcatWebServer - Tomcat initialized with port 8082 (http)
2025-01-18 18:17:33 [main] INFO  o.a.coyote.http11.Http11NioProtocol - Initializing ProtocolHandler ["http-nio-8082"]
2025-01-18 18:17:33 [main] INFO  o.a.catalina.core.StandardService - Starting service [Tomcat]
2025-01-18 18:17:33 [main] INFO  o.a.catalina.core.StandardEngine - Starting Servlet engine: [Apache Tomcat/10.1.28]
2025-01-18 18:17:33 [main] INFO  o.a.c.c.C.[Tomcat].[localhost].[/] - Initializing Spring embedded WebApplicationContext
2025-01-18 18:17:33 [main] INFO  o.s.b.w.s.c.ServletWebServerApplicationContext - Root WebApplicationContext: initialization completed in 7523 ms
2025-01-18 18:17:45 [main] INFO  o.s.b.a.e.web.EndpointLinksResolver - Exposing 3 endpoints beneath base path '/actuator'
2025-01-18 18:17:45 [main] INFO  o.a.coyote.http11.Http11NioProtocol - Starting ProtocolHandler ["http-nio-8082"]
2025-01-18 18:17:46 [main] INFO  o.s.b.w.e.tomcat.TomcatWebServer - Tomcat started on port 8082 (http) with context path '/'
2025-01-18 18:17:46 [main] INFO  c.example.GatewayServiceApplication - Started GatewayServiceApplication in 21.888 seconds (process running for 25.459)
2025-01-18 18:17:48 [http-nio-8082-exec-1] INFO  o.a.c.c.C.[Tomcat].[localhost].[/] - Initializing Spring DispatcherServlet 'dispatcherServlet'
2025-01-18 18:17:48 [http-nio-8082-exec-1] INFO  o.s.web.servlet.DispatcherServlet - Initializing Servlet 'dispatcherServlet'
2025-01-18 18:17:48 [http-nio-8082-exec-1] INFO  o.s.web.servlet.DispatcherServlet - Completed initialization in 3 ms
2025-01-18 18:50:12 [http-nio-8082-exec-1] INFO  c.e.controller.GatewayController - GET request for getting courses with (page: 0, size: 10)
2025-01-18 18:51:36 [http-nio-8082-exec-1] WARN  o.s.w.s.m.s.DefaultHandlerExceptionResolver - Resolved [org.springframework.web.HttpMediaTypeNotSupportedException: Content-Type 'text/plain;charset=UTF-8' is not supported]
2025-01-18 18:56:44 [http-nio-8082-exec-3] WARN  o.s.w.s.m.s.DefaultHandlerExceptionResolver - Resolved [org.springframework.http.converter.HttpMessageNotReadableException: JSON parse error: Unexpected character ('C' (code 67)): was expecting double-quote to start field name]
2025-01-18 19:04:20 [main] INFO  c.example.GatewayServiceApplication - Starting GatewayServiceApplication using Java 17-ea with PID 1 (/app/app.jar started by root in /app)
2025-01-18 19:04:20 [main] INFO  c.example.GatewayServiceApplication - No active profile set, falling back to 1 default profile: "default"
2025-01-18 19:04:26 [main] INFO  o.s.d.r.c.RepositoryConfigurationDelegate - Multiple Spring Data modules found, entering strict repository configuration mode
2025-01-18 19:04:26 [main] INFO  o.s.d.r.c.RepositoryConfigurationDelegate - Bootstrapping Spring Data Redis repositories in DEFAULT mode.
2025-01-18 19:04:26 [main] INFO  o.s.d.r.c.RepositoryConfigurationDelegate - Finished Spring Data repository scanning in 70 ms. Found 0 Redis repository interfaces.
2025-01-18 19:04:28 [main] INFO  o.s.b.w.e.tomcat.TomcatWebServer - Tomcat initialized with port 8082 (http)
2025-01-18 19:04:28 [main] INFO  o.a.coyote.http11.Http11NioProtocol - Initializing ProtocolHandler ["http-nio-8082"]
2025-01-18 19:04:28 [main] INFO  o.a.catalina.core.StandardService - Starting service [Tomcat]
2025-01-18 19:04:28 [main] INFO  o.a.catalina.core.StandardEngine - Starting Servlet engine: [Apache Tomcat/10.1.28]
2025-01-18 19:04:29 [main] INFO  o.a.c.c.C.[Tomcat].[localhost].[/] - Initializing Spring embedded WebApplicationContext
2025-01-18 19:04:29 [main] INFO  o.s.b.w.s.c.ServletWebServerApplicationContext - Root WebApplicationContext: initialization completed in 8333 ms
2025-01-18 19:04:42 [main] INFO  o.s.b.a.e.web.EndpointLinksResolver - Exposing 3 endpoints beneath base path '/actuator'
2025-01-18 19:04:42 [main] INFO  o.a.coyote.http11.Http11NioProtocol - Starting ProtocolHandler ["http-nio-8082"]
2025-01-18 19:04:43 [main] INFO  o.s.b.w.e.tomcat.TomcatWebServer - Tomcat started on port 8082 (http) with context path '/'
2025-01-18 19:04:43 [main] INFO  c.example.GatewayServiceApplication - Started GatewayServiceApplication in 24.175 seconds (process running for 27.581)
2025-01-18 19:04:49 [http-nio-8082-exec-1] INFO  o.a.c.c.C.[Tomcat].[localhost].[/] - Initializing Spring DispatcherServlet 'dispatcherServlet'
2025-01-18 19:04:49 [http-nio-8082-exec-1] INFO  o.s.web.servlet.DispatcherServlet - Initializing Servlet 'dispatcherServlet'
2025-01-18 19:04:49 [http-nio-8082-exec-1] INFO  o.s.web.servlet.DispatcherServlet - Completed initialization in 3 ms
2025-01-18 19:04:54 [http-nio-8082-exec-1] INFO  o.s.api.AbstractOpenApiResource - Init duration for springdoc-openapi is: 795 ms
2025-01-18 19:05:15 [http-nio-8082-exec-9] INFO  c.e.controller.GatewayController - GET request for getting courses with (page: 1, size: 1)
2025-01-18 19:05:34 [http-nio-8082-exec-5] INFO  c.e.controller.GatewayController - POST request for creating (course: CourseCreateRequest(title=string, instructor=string, hours=3))
2025-01-18 19:05:34 [http-nio-8082-exec-5] INFO  o.s.a.r.c.CachingConnectionFactory - Attempting to connect to: [rabbitmq:5672]
2025-01-18 19:05:34 [http-nio-8082-exec-5] INFO  o.s.a.r.c.CachingConnectionFactory - Created new connection: rabbitConnectionFactory#52856ff9:0/SimpleConnection@66270906 [delegate=amqp://guest@172.18.0.5:5672/, localPort=44388]
2025-01-18 19:05:34 [http-nio-8082-exec-5] INFO  o.s.amqp.rabbit.core.RabbitAdmin - Auto-declaring a non-durable, auto-delete, or exclusive Queue (eventQueue) durable:false, auto-delete:false, exclusive:false. It will be redeclared if the broker stops and is restarted while the connection factory is alive, but all messages will be lost.
2025-01-18 19:05:34 [http-nio-8082-exec-5] INFO  com.example.rabbit.MessageProducer - Message request sent in rabbit. (Message: Message(operation=CREATE, data=CourseCreateRequest(title=string, instructor=string, hours=3)))
2025-01-18 19:05:47 [http-nio-8082-exec-4] INFO  c.e.controller.GatewayController - GET request for getting courses with (page: 1, size: 1)
2025-01-18 19:05:53 [http-nio-8082-exec-9] INFO  c.e.controller.GatewayController - GET request for getting courses with (page: 0, size: 10)
2025-01-18 19:08:22 [http-nio-8082-exec-4] INFO  c.e.controller.GatewayController - GET request for getting course with (id: 1)
2025-01-18 19:08:43 [http-nio-8082-exec-10] INFO  c.e.controller.GatewayController - PATCH request for updating (id: 1, course: CourseDto(id=2, title=string, instructor=string, hours=5))
2025-01-18 19:08:43 [http-nio-8082-exec-10] INFO  com.example.rabbit.MessageProducer - Message request sent in rabbit. (Message: Message(operation=UPDATE, data=CourseDto(id=1, title=string, instructor=string, hours=5)))
2025-01-18 19:08:49 [http-nio-8082-exec-5] INFO  c.e.controller.GatewayController - PATCH request for updating (id: 1, course: CourseDto(id=2, title=string, instructor=string, hours=5))
2025-01-18 19:08:49 [http-nio-8082-exec-5] INFO  com.example.rabbit.MessageProducer - Message request sent in rabbit. (Message: Message(operation=UPDATE, data=CourseDto(id=1, title=string, instructor=string, hours=5)))
2025-01-18 19:08:54 [http-nio-8082-exec-8] INFO  c.e.controller.GatewayController - GET request for getting courses with (page: 0, size: 10)
2025-01-18 19:09:11 [http-nio-8082-exec-7] INFO  c.e.controller.GatewayController - DELETE request for deleting course with (id: 1)
2025-01-18 19:09:11 [http-nio-8082-exec-7] INFO  com.example.rabbit.MessageProducer - Message request sent in rabbit. (Message: Message(operation=DELETE, data=1))
2025-01-18 19:09:13 [http-nio-8082-exec-9] INFO  c.e.controller.GatewayController - DELETE request for deleting course with (id: 1)
2025-01-18 19:09:13 [http-nio-8082-exec-9] INFO  com.example.rabbit.MessageProducer - Message request sent in rabbit. (Message: Message(operation=DELETE, data=1))
2025-01-18 19:09:18 [http-nio-8082-exec-10] INFO  c.e.controller.GatewayController - GET request for getting courses with (page: 0, size: 10)
2025-01-18 19:25:44 [main] INFO  c.example.GatewayServiceApplication - Starting GatewayServiceApplication using Java 17-ea with PID 1 (/app/app.jar started by root in /app)
2025-01-18 19:25:44 [main] INFO  c.example.GatewayServiceApplication - No active profile set, falling back to 1 default profile: "default"
2025-01-18 19:25:49 [main] INFO  o.s.d.r.c.RepositoryConfigurationDelegate - Multiple Spring Data modules found, entering strict repository configuration mode
2025-01-18 19:25:49 [main] INFO  o.s.d.r.c.RepositoryConfigurationDelegate - Bootstrapping Spring Data Redis repositories in DEFAULT mode.
2025-01-18 19:25:49 [main] INFO  o.s.d.r.c.RepositoryConfigurationDelegate - Finished Spring Data repository scanning in 103 ms. Found 0 Redis repository interfaces.
2025-01-18 19:25:52 [main] INFO  o.s.b.w.e.tomcat.TomcatWebServer - Tomcat initialized with port 8082 (http)
2025-01-18 19:25:52 [main] INFO  o.a.coyote.http11.Http11NioProtocol - Initializing ProtocolHandler ["http-nio-8082"]
2025-01-18 19:25:52 [main] INFO  o.a.catalina.core.StandardService - Starting service [Tomcat]
2025-01-18 19:25:52 [main] INFO  o.a.catalina.core.StandardEngine - Starting Servlet engine: [Apache Tomcat/10.1.28]
2025-01-18 19:25:53 [main] INFO  o.a.c.c.C.[Tomcat].[localhost].[/] - Initializing Spring embedded WebApplicationContext
2025-01-18 19:25:53 [main] INFO  o.s.b.w.s.c.ServletWebServerApplicationContext - Root WebApplicationContext: initialization completed in 8269 ms
2025-01-18 19:26:07 [main] INFO  o.s.b.a.e.web.EndpointLinksResolver - Exposing 3 endpoints beneath base path '/actuator'
2025-01-18 19:26:07 [main] INFO  o.a.coyote.http11.Http11NioProtocol - Starting ProtocolHandler ["http-nio-8082"]
2025-01-18 19:26:07 [main] INFO  o.s.b.w.e.tomcat.TomcatWebServer - Tomcat started on port 8082 (http) with context path '/'
2025-01-18 19:26:07 [main] INFO  c.example.GatewayServiceApplication - Started GatewayServiceApplication in 24.413 seconds (process running for 27.564)
2025-01-18 19:26:09 [http-nio-8082-exec-1] INFO  o.a.c.c.C.[Tomcat].[localhost].[/] - Initializing Spring DispatcherServlet 'dispatcherServlet'
2025-01-18 19:26:09 [http-nio-8082-exec-1] INFO  o.s.web.servlet.DispatcherServlet - Initializing Servlet 'dispatcherServlet'
2025-01-18 19:26:09 [http-nio-8082-exec-1] INFO  o.s.web.servlet.DispatcherServlet - Completed initialization in 9 ms
2025-01-18 19:28:11 [http-nio-8082-exec-3] INFO  o.s.api.AbstractOpenApiResource - Init duration for springdoc-openapi is: 303 ms
2025-01-18 19:30:29 [http-nio-8082-exec-2] INFO  c.e.controller.GatewayController - GET request for getting courses with (page: 0, size: 1)
2025-01-19 17:59:59 [main] INFO  c.example.GatewayServiceApplication - Starting GatewayServiceApplication using Java 17-ea with PID 1 (/app/app.jar started by root in /app)
2025-01-19 17:59:59 [main] INFO  c.example.GatewayServiceApplication - No active profile set, falling back to 1 default profile: "default"
2025-01-19 18:00:04 [main] INFO  o.s.d.r.c.RepositoryConfigurationDelegate - Multiple Spring Data modules found, entering strict repository configuration mode
2025-01-19 18:00:04 [main] INFO  o.s.d.r.c.RepositoryConfigurationDelegate - Bootstrapping Spring Data Redis repositories in DEFAULT mode.
2025-01-19 18:00:04 [main] INFO  o.s.d.r.c.RepositoryConfigurationDelegate - Finished Spring Data repository scanning in 99 ms. Found 0 Redis repository interfaces.
2025-01-19 18:00:09 [main] INFO  o.s.b.w.e.tomcat.TomcatWebServer - Tomcat initialized with port 8082 (http)
2025-01-19 18:00:09 [main] INFO  o.a.coyote.http11.Http11NioProtocol - Initializing ProtocolHandler ["http-nio-8082"]
2025-01-19 18:00:09 [main] INFO  o.a.catalina.core.StandardService - Starting service [Tomcat]
2025-01-19 18:00:09 [main] INFO  o.a.catalina.core.StandardEngine - Starting Servlet engine: [Apache Tomcat/10.1.28]
2025-01-19 18:00:09 [main] INFO  o.a.c.c.C.[Tomcat].[localhost].[/] - Initializing Spring embedded WebApplicationContext
2025-01-19 18:00:09 [main] INFO  o.s.b.w.s.c.ServletWebServerApplicationContext - Root WebApplicationContext: initialization completed in 9445 ms
2025-01-19 18:00:25 [main] INFO  o.s.b.a.e.web.EndpointLinksResolver - Exposing 3 endpoints beneath base path '/actuator'
2025-01-19 18:00:26 [main] INFO  o.a.coyote.http11.Http11NioProtocol - Starting ProtocolHandler ["http-nio-8082"]
2025-01-19 18:00:26 [main] INFO  o.s.b.w.e.tomcat.TomcatWebServer - Tomcat started on port 8082 (http) with context path '/'
2025-01-19 18:00:26 [main] INFO  c.example.GatewayServiceApplication - Started GatewayServiceApplication in 28.56 seconds (process running for 33.153)
2025-01-19 18:00:34 [http-nio-8082-exec-1] INFO  o.a.c.c.C.[Tomcat].[localhost].[/] - Initializing Spring DispatcherServlet 'dispatcherServlet'
2025-01-19 18:00:34 [http-nio-8082-exec-1] INFO  o.s.web.servlet.DispatcherServlet - Initializing Servlet 'dispatcherServlet'
2025-01-19 18:00:34 [http-nio-8082-exec-1] INFO  o.s.web.servlet.DispatcherServlet - Completed initialization in 3 ms
2025-01-19 18:01:22 [http-nio-8082-exec-5] INFO  o.s.api.AbstractOpenApiResource - Init duration for springdoc-openapi is: 303 ms
2025-01-19 18:02:44 [http-nio-8082-exec-7] INFO  c.e.controller.GatewayController - POST request for creating (course: CourseCreateRequest(title=Сети, instructor=Пал саныч, hours=100))
2025-01-19 18:02:44 [http-nio-8082-exec-7] INFO  o.s.a.r.c.CachingConnectionFactory - Attempting to connect to: [rabbitmq:5672]
2025-01-19 18:02:44 [http-nio-8082-exec-7] INFO  o.s.a.r.c.CachingConnectionFactory - Created new connection: rabbitConnectionFactory#30bd39d5:0/SimpleConnection@4a263a5b [delegate=amqp://guest@172.18.0.6:5672/, localPort=51664]
2025-01-19 18:02:44 [http-nio-8082-exec-7] INFO  o.s.amqp.rabbit.core.RabbitAdmin - Auto-declaring a non-durable, auto-delete, or exclusive Queue (eventQueue) durable:false, auto-delete:false, exclusive:false. It will be redeclared if the broker stops and is restarted while the connection factory is alive, but all messages will be lost.
2025-01-19 18:02:44 [http-nio-8082-exec-7] INFO  com.example.rabbit.MessageProducer - Message request sent in rabbit. (Message: Message(operation=CREATE, data=CourseCreateRequest(title=Сети, instructor=Пал саныч, hours=100)))
2025-01-19 18:03:27 [http-nio-8082-exec-5] INFO  c.example.other.CacheLoggingAspect - Method 'GatewayController.getAll(..)' retrieved data from DB (cache: course, key: 0).
2025-01-19 18:03:27 [http-nio-8082-exec-5] INFO  c.e.controller.GatewayController - GET request for getting courses with (page: 0, size: 1)
2025-01-19 18:06:02 [http-nio-8082-exec-2] INFO  c.e.controller.GatewayController - POST request for creating (course: CourseCreateRequest(title=Сети, instructor=Пал саныч, hours=100))
2025-01-19 18:06:02 [http-nio-8082-exec-2] INFO  com.example.rabbit.MessageProducer - Message request sent in rabbit. (Message: Message(operation=CREATE, data=CourseCreateRequest(title=Сети, instructor=Пал саныч, hours=100)))
2025-01-19 18:06:09 [http-nio-8082-exec-3] INFO  c.example.other.CacheLoggingAspect - Method 'GatewayController.getAll(..)' retrieved data from DB (cache: course, key: 0).
2025-01-19 18:06:09 [http-nio-8082-exec-3] INFO  c.e.controller.GatewayController - GET request for getting courses with (page: 0, size: 3)
2025-01-19 18:06:41 [http-nio-8082-exec-7] INFO  c.e.controller.GatewayController - POST request for creating (course: CourseCreateRequest(title=Сети, instructor=Пал саныч, hours=100))
2025-01-19 18:06:41 [http-nio-8082-exec-7] INFO  com.example.rabbit.MessageProducer - Message request sent in rabbit. (Message: Message(operation=CREATE, data=CourseCreateRequest(title=Сети, instructor=Пал саныч, hours=100)))
2025-01-19 18:06:44 [http-nio-8082-exec-10] INFO  c.e.controller.GatewayController - POST request for creating (course: CourseCreateRequest(title=Сети, instructor=Правыч, hours=100))
2025-01-19 18:06:44 [http-nio-8082-exec-10] INFO  com.example.rabbit.MessageProducer - Message request sent in rabbit. (Message: Message(operation=CREATE, data=CourseCreateRequest(title=Сети, instructor=Правыч, hours=100)))
2025-01-19 18:07:38 [http-nio-8082-exec-8] INFO  c.example.other.CacheLoggingAspect - Method 'GatewayController.getAll(..)' retrieved data from DB (cache: course, key: 0).
2025-01-19 18:07:38 [http-nio-8082-exec-8] INFO  c.e.controller.GatewayController - GET request for getting courses with (page: 0, size: 3)
2025-01-19 19:31:45 [main] INFO  c.example.GatewayServiceApplication - Starting GatewayServiceApplication using Java 17-ea with PID 1 (/app/app.jar started by root in /app)
2025-01-19 19:31:46 [main] INFO  c.example.GatewayServiceApplication - No active profile set, falling back to 1 default profile: "default"
2025-01-19 19:31:51 [main] INFO  o.s.d.r.c.RepositoryConfigurationDelegate - Multiple Spring Data modules found, entering strict repository configuration mode
2025-01-19 19:31:51 [main] INFO  o.s.d.r.c.RepositoryConfigurationDelegate - Bootstrapping Spring Data Redis repositories in DEFAULT mode.
2025-01-19 19:31:51 [main] INFO  o.s.d.r.c.RepositoryConfigurationDelegate - Finished Spring Data repository scanning in 107 ms. Found 0 Redis repository interfaces.
2025-01-19 19:31:54 [main] INFO  o.s.b.w.e.tomcat.TomcatWebServer - Tomcat initialized with port 8082 (http)
2025-01-19 19:31:54 [main] INFO  o.a.coyote.http11.Http11NioProtocol - Initializing ProtocolHandler ["http-nio-8082"]
2025-01-19 19:31:54 [main] INFO  o.a.catalina.core.StandardService - Starting service [Tomcat]
2025-01-19 19:31:54 [main] INFO  o.a.catalina.core.StandardEngine - Starting Servlet engine: [Apache Tomcat/10.1.28]
2025-01-19 19:31:54 [main] INFO  o.a.c.c.C.[Tomcat].[localhost].[/] - Initializing Spring embedded WebApplicationContext
2025-01-19 19:31:54 [main] INFO  o.s.b.w.s.c.ServletWebServerApplicationContext - Root WebApplicationContext: initialization completed in 8293 ms
2025-01-19 19:32:07 [main] INFO  o.s.b.a.e.web.EndpointLinksResolver - Exposing 3 endpoints beneath base path '/actuator'
2025-01-19 19:32:08 [main] INFO  o.a.coyote.http11.Http11NioProtocol - Starting ProtocolHandler ["http-nio-8082"]
2025-01-19 19:32:08 [main] INFO  o.s.b.w.e.tomcat.TomcatWebServer - Tomcat started on port 8082 (http) with context path '/'
2025-01-19 19:32:08 [main] INFO  c.example.GatewayServiceApplication - Started GatewayServiceApplication in 23.78 seconds (process running for 27.652)
2025-01-19 19:32:14 [http-nio-8082-exec-1] INFO  o.a.c.c.C.[Tomcat].[localhost].[/] - Initializing Spring DispatcherServlet 'dispatcherServlet'
2025-01-19 19:32:14 [http-nio-8082-exec-1] INFO  o.s.web.servlet.DispatcherServlet - Initializing Servlet 'dispatcherServlet'
2025-01-19 19:32:14 [http-nio-8082-exec-1] INFO  o.s.web.servlet.DispatcherServlet - Completed initialization in 5 ms
2025-01-19 19:41:51 [main] INFO  c.example.GatewayServiceApplication - Starting GatewayServiceApplication using Java 17-ea with PID 1 (/app/app.jar started by root in /app)
2025-01-19 19:41:51 [main] INFO  c.example.GatewayServiceApplication - No active profile set, falling back to 1 default profile: "default"
2025-01-19 19:41:56 [main] INFO  o.s.d.r.c.RepositoryConfigurationDelegate - Multiple Spring Data modules found, entering strict repository configuration mode
2025-01-19 19:41:56 [main] INFO  o.s.d.r.c.RepositoryConfigurationDelegate - Bootstrapping Spring Data Redis repositories in DEFAULT mode.
2025-01-19 19:41:56 [main] INFO  o.s.d.r.c.RepositoryConfigurationDelegate - Finished Spring Data repository scanning in 67 ms. Found 0 Redis repository interfaces.
2025-01-19 19:41:59 [main] INFO  o.s.b.w.e.tomcat.TomcatWebServer - Tomcat initialized with port 8082 (http)
2025-01-19 19:41:59 [main] INFO  o.a.coyote.http11.Http11NioProtocol - Initializing ProtocolHandler ["http-nio-8082"]
2025-01-19 19:41:59 [main] INFO  o.a.catalina.core.StandardService - Starting service [Tomcat]
2025-01-19 19:41:59 [main] INFO  o.a.catalina.core.StandardEngine - Starting Servlet engine: [Apache Tomcat/10.1.28]
2025-01-19 19:41:59 [main] INFO  o.a.c.c.C.[Tomcat].[localhost].[/] - Initializing Spring embedded WebApplicationContext
2025-01-19 19:41:59 [main] INFO  o.s.b.w.s.c.ServletWebServerApplicationContext - Root WebApplicationContext: initialization completed in 7628 ms
2025-01-19 19:42:11 [main] INFO  o.s.b.a.e.web.EndpointLinksResolver - Exposing 3 endpoints beneath base path '/actuator'
2025-01-19 19:42:12 [main] INFO  o.a.coyote.http11.Http11NioProtocol - Starting ProtocolHandler ["http-nio-8082"]
2025-01-19 19:42:12 [main] INFO  o.s.b.w.e.tomcat.TomcatWebServer - Tomcat started on port 8082 (http) with context path '/'
2025-01-19 19:42:12 [main] INFO  c.example.GatewayServiceApplication - Started GatewayServiceApplication in 22.197 seconds (process running for 26.165)
2025-01-19 19:42:15 [http-nio-8082-exec-1] INFO  o.a.c.c.C.[Tomcat].[localhost].[/] - Initializing Spring DispatcherServlet 'dispatcherServlet'
2025-01-19 19:42:15 [http-nio-8082-exec-1] INFO  o.s.web.servlet.DispatcherServlet - Initializing Servlet 'dispatcherServlet'
2025-01-19 19:42:15 [http-nio-8082-exec-1] INFO  o.s.web.servlet.DispatcherServlet - Completed initialization in 3 ms
2025-01-19 19:58:55 [main] INFO  c.example.DomainServiceApplication - Starting DomainServiceApplication using Java 17-ea with PID 1 (/app/app.jar started by root in /app)
2025-01-19 19:58:55 [main] INFO  c.example.DomainServiceApplication - No active profile set, falling back to 1 default profile: "default"
2025-01-19 19:58:55 [main] INFO  c.example.GatewayServiceApplication - Starting GatewayServiceApplication using Java 17-ea with PID 1 (/app/app.jar started by root in /app)
2025-01-19 19:58:55 [main] INFO  c.example.GatewayServiceApplication - No active profile set, falling back to 1 default profile: "default"
2025-01-19 19:58:59 [main] INFO  o.s.d.r.c.RepositoryConfigurationDelegate - Bootstrapping Spring Data JPA repositories in DEFAULT mode.
2025-01-19 19:58:59 [main] INFO  o.s.d.r.c.RepositoryConfigurationDelegate - Finished Spring Data repository scanning in 352 ms. Found 1 JPA repository interface.
2025-01-19 19:58:59 [main] INFO  o.s.d.r.c.RepositoryConfigurationDelegate - Multiple Spring Data modules found, entering strict repository configuration mode
2025-01-19 19:58:59 [main] INFO  o.s.d.r.c.RepositoryConfigurationDelegate - Bootstrapping Spring Data Redis repositories in DEFAULT mode.
2025-01-19 19:59:00 [main] INFO  o.s.d.r.c.RepositoryConfigurationDelegate - Finished Spring Data repository scanning in 88 ms. Found 0 Redis repository interfaces.
2025-01-19 19:59:02 [main] INFO  o.s.b.w.e.tomcat.TomcatWebServer - Tomcat initialized with port 8082 (http)
2025-01-19 19:59:02 [main] INFO  o.a.coyote.http11.Http11NioProtocol - Initializing ProtocolHandler ["http-nio-8082"]
2025-01-19 19:59:02 [main] INFO  o.a.catalina.core.StandardService - Starting service [Tomcat]
2025-01-19 19:59:02 [main] INFO  o.a.catalina.core.StandardEngine - Starting Servlet engine: [Apache Tomcat/10.1.28]
2025-01-19 19:59:02 [main] INFO  o.s.b.w.e.tomcat.TomcatWebServer - Tomcat initialized with port 8080 (http)
2025-01-19 19:59:02 [main] INFO  o.a.coyote.http11.Http11NioProtocol - Initializing ProtocolHandler ["http-nio-8080"]
2025-01-19 19:59:02 [main] INFO  o.a.catalina.core.StandardService - Starting service [Tomcat]
2025-01-19 19:59:02 [main] INFO  o.a.catalina.core.StandardEngine - Starting Servlet engine: [Apache Tomcat/10.1.28]
2025-01-19 19:59:02 [main] INFO  o.a.c.c.C.[Tomcat].[localhost].[/] - Initializing Spring embedded WebApplicationContext
2025-01-19 19:59:02 [main] INFO  o.s.b.w.s.c.ServletWebServerApplicationContext - Root WebApplicationContext: initialization completed in 6639 ms
2025-01-19 19:59:02 [main] INFO  o.a.c.c.C.[Tomcat].[localhost].[/] - Initializing Spring embedded WebApplicationContext
2025-01-19 19:59:02 [main] INFO  o.s.b.w.s.c.ServletWebServerApplicationContext - Root WebApplicationContext: initialization completed in 7222 ms
2025-01-19 19:59:06 [main] INFO  o.h.jpa.internal.util.LogHelper - HHH000204: Processing PersistenceUnitInfo [name: default]
2025-01-19 19:59:06 [main] INFO  org.hibernate.Version - HHH000412: Hibernate ORM core version 6.5.2.Final
2025-01-19 19:59:07 [main] INFO  o.h.c.i.RegionFactoryInitiator - HHH000026: Second-level cache disabled
2025-01-19 19:59:10 [main] INFO  o.s.o.j.p.SpringPersistenceUnitInfo - No LoadTimeWeaver setup: ignoring JPA class transformer
2025-01-19 19:59:10 [main] INFO  com.zaxxer.hikari.HikariDataSource - HikariPool-1 - Starting...
2025-01-19 19:59:11 [main] INFO  com.zaxxer.hikari.pool.HikariPool - HikariPool-1 - Added connection org.postgresql.jdbc.PgConnection@602a3237
2025-01-19 19:59:11 [main] INFO  com.zaxxer.hikari.HikariDataSource - HikariPool-1 - Start completed.
2025-01-19 19:59:14 [main] INFO  o.h.e.t.j.p.i.JtaPlatformInitiator - HHH000489: No JTA platform available (set 'hibernate.transaction.jta.platform' to enable JTA platform integration)
2025-01-19 19:59:14 [main] INFO  o.s.o.j.LocalContainerEntityManagerFactoryBean - Initialized JPA EntityManagerFactory for persistence unit 'default'
2025-01-19 19:59:14 [main] INFO  o.s.b.a.e.web.EndpointLinksResolver - Exposing 3 endpoints beneath base path '/actuator'
2025-01-19 19:59:15 [main] INFO  o.a.coyote.http11.Http11NioProtocol - Starting ProtocolHandler ["http-nio-8082"]
2025-01-19 19:59:15 [main] INFO  o.s.b.w.e.tomcat.TomcatWebServer - Tomcat started on port 8082 (http) with context path '/'
2025-01-19 19:59:15 [main] INFO  c.example.GatewayServiceApplication - Started GatewayServiceApplication in 20.718 seconds (process running for 23.859)
2025-01-19 19:59:16 [http-nio-8082-exec-2] INFO  o.a.c.c.C.[Tomcat].[localhost].[/] - Initializing Spring DispatcherServlet 'dispatcherServlet'
2025-01-19 19:59:16 [http-nio-8082-exec-2] INFO  o.s.web.servlet.DispatcherServlet - Initializing Servlet 'dispatcherServlet'
2025-01-19 19:59:16 [http-nio-8082-exec-2] INFO  o.s.web.servlet.DispatcherServlet - Completed initialization in 5 ms
2025-01-19 19:59:17 [main] WARN  o.s.b.a.o.j.JpaBaseConfiguration$JpaWebConfiguration - spring.jpa.open-in-view is enabled by default. Therefore, database queries may be performed during view rendering. Explicitly configure spring.jpa.open-in-view to disable this warning
2025-01-19 19:59:20 [main] INFO  o.s.b.a.e.web.EndpointLinksResolver - Exposing 1 endpoint beneath base path '/actuator'
2025-01-19 19:59:21 [main] INFO  o.a.coyote.http11.Http11NioProtocol - Starting ProtocolHandler ["http-nio-8080"]
2025-01-19 19:59:21 [main] INFO  o.s.b.w.e.tomcat.TomcatWebServer - Tomcat started on port 8080 (http) with context path '/'
2025-01-19 19:59:21 [main] INFO  o.s.a.r.c.CachingConnectionFactory - Attempting to connect to: [rabbitmq:5672]
2025-01-19 19:59:21 [main] INFO  o.s.a.r.c.CachingConnectionFactory - Created new connection: rabbitConnectionFactory#3fb54673:0/SimpleConnection@184218af [delegate=amqp://guest@172.18.0.2:5672/, localPort=49124]
2025-01-19 19:59:21 [main] INFO  o.s.amqp.rabbit.core.RabbitAdmin - Auto-declaring a non-durable, auto-delete, or exclusive Queue (eventQueue) durable:false, auto-delete:false, exclusive:false. It will be redeclared if the broker stops and is restarted while the connection factory is alive, but all messages will be lost.
2025-01-19 19:59:21 [main] INFO  c.example.DomainServiceApplication - Started DomainServiceApplication in 27.312 seconds (process running for 30.379)
2025-01-19 20:14:04 [org.springframework.amqp.rabbit.RabbitListenerEndpointContainer#0-2] INFO  o.s.a.r.l.SimpleMessageListenerContainer - Waiting for workers to finish.
2025-01-19 20:14:04 [org.springframework.amqp.rabbit.RabbitListenerEndpointContainer#0-2] INFO  o.s.a.r.l.SimpleMessageListenerContainer - Successfully waited for workers to finish.
2025-01-19 20:14:04 [SpringApplicationShutdownHook] INFO  o.s.o.j.LocalContainerEntityManagerFactoryBean - Closing JPA EntityManagerFactory for persistence unit 'default'
2025-01-19 20:14:04 [SpringApplicationShutdownHook] INFO  com.zaxxer.hikari.HikariDataSource - HikariPool-1 - Shutdown initiated...
2025-01-19 20:14:04 [SpringApplicationShutdownHook] INFO  com.zaxxer.hikari.HikariDataSource - HikariPool-1 - Shutdown completed.
